This file contains any messages produced by compilers while
running configure, to aid debugging if configure makes a mistake.

It was created by pcap configure 1.9.1, which was
generated by GNU Autoconf 2.69.  Invocation command line was

  $ ./configure 

## --------- ##
## Platform. ##
## --------- ##

hostname = BIN-LAPTOP
uname -m = x86_64
uname -r = 4.19.128-microsoft-standard
uname -s = Linux
uname -v = #1 SMP Tue Jun 23 12:58:10 UTC 2020

/usr/bin/uname -p = unknown
/bin/uname -X     = unknown

/bin/arch              = x86_64
/usr/bin/arch -k       = unknown
/usr/convex/getsysinfo = unknown
/usr/bin/hostinfo      = unknown
/bin/machine           = unknown
/usr/bin/oslevel       = unknown
/bin/universe          = unknown

PATH: /usr/local/sbin
PATH: /usr/local/bin
PATH: /usr/sbin
PATH: /usr/bin
PATH: /sbin
PATH: /bin
PATH: /usr/games
PATH: /usr/local/games
PATH: /mnt/c/app/minhq/product/18.0.0/dbhomeXE/bin
PATH: /mnt/c/Program Files (x86)/Common Files/Oracle/Java/javapath
PATH: /mnt/c/Windows/system32
PATH: /mnt/c/Windows
PATH: /mnt/c/Windows/System32/Wbem
PATH: /mnt/c/Windows/System32/WindowsPowerShell/v1.0/
PATH: /mnt/c/Windows/System32/OpenSSH/
PATH: /mnt/c/Program Files (x86)/NVIDIA Corporation/PhysX/Common
PATH: /mnt/c/Program Files/NVIDIA Corporation/NVIDIA NvDLISR
PATH: /mnt/c/Program Files/Git/cmd
PATH: /mnt/c/Program Files (x86)/Microsoft Visual Studio/Shared/Python37_64
PATH: /mnt/c/Users/minhq/AppData/Roaming/Python/Python37/Scripts
PATH: /mnt/c/Program Files (x86)/Vim/vim82/
PATH: /mnt/c/Program Files/PuTTY/
PATH: /mnt/c/Program Files/dotnet/
PATH: /mnt/c/Users/minhq/AppData/Local/Microsoft/WindowsApps
PATH: /mnt/c/Users/minhq/AppData/Local/Programs/Microsoft VS Code/bin
PATH: /mnt/c/Users/minhq/AppData/Local/GitHubDesktop/bin
PATH: /mnt/c/Program Files/Java/jdk1.8.0_251/bin
PATH: /mnt/c/Users/minhq/.dotnet/tools


## ----------- ##
## Core tests. ##
## ----------- ##

configure:2442: checking build system type
configure:2456: result: x86_64-pc-linux-gnu
configure:2476: checking host system type
configure:2489: result: x86_64-pc-linux-gnu
configure:2509: checking target system type
configure:2522: result: x86_64-pc-linux-gnu
configure:2674: checking for gcc
configure:2690: found /usr/bin/gcc
configure:2701: result: gcc
configure:2930: checking for C compiler version
configure:2939: gcc --version >&5
gcc (Debian 10.2.0-7) 10.2.0
Copyright (C) 2020 Free Software Foundation, Inc.
This is free software; see the source for copying conditions.  There is NO
warranty; not even for MERCHANTABILITY or FITNESS FOR A PARTICULAR PURPOSE.

configure:2950: $? = 0
configure:2939: gcc -v >&5
Using built-in specs.
COLLECT_GCC=gcc
COLLECT_LTO_WRAPPER=/usr/lib/gcc/x86_64-linux-gnu/10/lto-wrapper
OFFLOAD_TARGET_NAMES=nvptx-none:amdgcn-amdhsa:hsa
OFFLOAD_TARGET_DEFAULT=1
Target: x86_64-linux-gnu
Configured with: ../src/configure -v --with-pkgversion='Debian 10.2.0-7' --with-bugurl=file:///usr/share/doc/gcc-10/README.Bugs --enable-languages=c,ada,c++,go,brig,d,fortran,objc,obj-c++,m2 --prefix=/usr --with-gcc-major-version-only --program-suffix=-10 --program-prefix=x86_64-linux-gnu- --enable-shared --enable-linker-build-id --libexecdir=/usr/lib --without-included-gettext --enable-threads=posix --libdir=/usr/lib --enable-nls --enable-clocale=gnu --enable-libstdcxx-debug --enable-libstdcxx-time=yes --with-default-libstdcxx-abi=new --enable-gnu-unique-object --disable-vtable-verify --enable-plugin --enable-default-pie --with-system-zlib --enable-libphobos-checking=release --with-target-system-zlib=auto --enable-objc-gc=auto --enable-multiarch --disable-werror --with-arch-32=i686 --with-abi=m64 --with-multilib-list=m32,m64,mx32 --enable-multilib --with-tune=generic --enable-offload-targets=nvptx-none=/build/gcc-10-VsYhcR/gcc-10-10.2.0/debian/tmp-nvptx/usr,amdgcn-amdhsa=/build/gcc-10-VsYhcR/gcc-10-10.2.0/debian/tmp-gcn/usr,hsa --without-cuda-driver --enable-checking=release --build=x86_64-linux-gnu --host=x86_64-linux-gnu --target=x86_64-linux-gnu
Thread model: posix
Supported LTO compression algorithms: zlib zstd
gcc version 10.2.0 (Debian 10.2.0-7) 
... rest of stderr output deleted ...
configure:2950: $? = 0
configure:2939: gcc -V >&5
gcc: error: unrecognized command-line option '-V'
gcc: fatal error: no input files
compilation terminated.
configure:2950: $? = 1
configure:2939: gcc -qversion >&5
gcc: error: unrecognized command-line option '-qversion'; did you mean '--version'?
gcc: fatal error: no input files
compilation terminated.
configure:2950: $? = 1
configure:2970: checking whether the C compiler works
configure:2992: gcc    conftest.c  >&5
configure:2996: $? = 0
configure:3044: result: yes
configure:3047: checking for C compiler default output file name
configure:3049: result: a.out
configure:3055: checking for suffix of executables
configure:3062: gcc -o conftest    conftest.c  >&5
configure:3066: $? = 0
configure:3088: result: 
configure:3110: checking whether we are cross compiling
configure:3118: gcc -o conftest    conftest.c  >&5
configure:3122: $? = 0
configure:3129: ./conftest
configure:3133: $? = 0
configure:3121: result: no
configure:3126: checking for suffix of object files
configure:3148: gcc -c   conftest.c >&5
configure:3152: $? = 0
configure:3173: result: o
configure:3177: checking whether we are using the GNU C compiler
configure:3196: gcc -c   conftest.c >&5
configure:3196: $? = 0
configure:3205: result: yes
configure:3214: checking whether gcc accepts -g
configure:3234: gcc -c -g  conftest.c >&5
configure:3234: $? = 0
configure:3275: result: yes
configure:3292: checking for gcc option to accept ISO C89
configure:3355: gcc  -c -g -O2  conftest.c >&5
configure:3355: $? = 0
configure:3368: result: none needed
configure:3388: checking for gcc option to accept ISO C99
configure:3537: gcc  -c -g -O2  conftest.c >&5
configure:3537: $? = 0
configure:3550: result: none needed
configure:3586: checking whether the compiler supports the -fvisibility=hidden option
configure:3612: gcc -c -g -O2 -Werror -fvisibility=hidden  conftest.c >&5
configure:3612: $? = 0
configure:3614: result: yes
configure:4116: checking for inline
configure:4152: gcc -c  -fvisibility=hidden  conftest.c >&5
configure:4152: $? = 0
configure:4167: result: inline
configure:4189: checking for special C compiler options needed for large files
configure:4234: result: no
configure:4240: checking for _FILE_OFFSET_BITS value needed for large files
configure:4265: gcc -c -g -O2  conftest.c >&5
configure:4265: $? = 0
configure:4297: result: no
configure:4382: checking for _LARGEFILE_SOURCE value needed for large files
configure:4401: gcc -o conftest -g -O2   conftest.c  >&5
configure:4401: $? = 0
configure:4429: result: no
configure:4456: checking how to run the C preprocessor
configure:4487: gcc -E  conftest.c
configure:4487: $? = 0
configure:4501: gcc -E  conftest.c
conftest.c:11:10: fatal error: ac_nonexistent.h: No such file or directory
   11 | #include <ac_nonexistent.h>
      |          ^~~~~~~~~~~~~~~~~~
compilation terminated.
configure:4501: $? = 1
configure: failed program was:
| /* confdefs.h */
| #define PACKAGE_NAME "pcap"
| #define PACKAGE_TARNAME "pcap"
| #define PACKAGE_VERSION "1.9.1"
| #define PACKAGE_STRING "pcap 1.9.1"
| #define PACKAGE_BUGREPORT ""
| #define PACKAGE_URL ""
| #define inline inline
| #define HAVE_FSEEKO 1
| /* end confdefs.h.  */
| #include <ac_nonexistent.h>
configure:4526: result: gcc -E
configure:4546: gcc -E  conftest.c
configure:4546: $? = 0
configure:4560: gcc -E  conftest.c
conftest.c:11:10: fatal error: ac_nonexistent.h: No such file or directory
   11 | #include <ac_nonexistent.h>
      |          ^~~~~~~~~~~~~~~~~~
compilation terminated.
configure:4560: $? = 1
configure: failed program was:
| /* confdefs.h */
| #define PACKAGE_NAME "pcap"
| #define PACKAGE_TARNAME "pcap"
| #define PACKAGE_VERSION "1.9.1"
| #define PACKAGE_STRING "pcap 1.9.1"
| #define PACKAGE_BUGREPORT ""
| #define PACKAGE_URL ""
| #define inline inline
| #define HAVE_FSEEKO 1
| /* end confdefs.h.  */
| #include <ac_nonexistent.h>
configure:4589: checking for grep that handles long lines and -e
configure:4647: result: /usr/bin/grep
configure:4652: checking for egrep
configure:4714: result: /usr/bin/grep -E
configure:4719: checking for ANSI C header files
configure:4739: gcc -c -g -O2  conftest.c >&5
configure:4739: $? = 0
configure:4812: gcc -o conftest -g -O2   conftest.c  >&5
configure:4812: $? = 0
configure:4812: ./conftest
configure:4812: $? = 0
configure:4823: result: yes
configure:4836: checking for sys/types.h
configure:4836: gcc -c -g -O2  conftest.c >&5
configure:4836: $? = 0
configure:4836: result: yes
configure:4836: checking for sys/stat.h
configure:4836: gcc -c -g -O2  conftest.c >&5
configure:4836: $? = 0
configure:4836: result: yes
configure:4836: checking for stdlib.h
configure:4836: gcc -c -g -O2  conftest.c >&5
configure:4836: $? = 0
configure:4836: result: yes
configure:4836: checking for string.h
configure:4836: gcc -c -g -O2  conftest.c >&5
configure:4836: $? = 0
configure:4836: result: yes
configure:4836: checking for memory.h
configure:4836: gcc -c -g -O2  conftest.c >&5
configure:4836: $? = 0
configure:4836: result: yes
configure:4836: checking for strings.h
configure:4836: gcc -c -g -O2  conftest.c >&5
configure:4836: $? = 0
configure:4836: result: yes
configure:4836: checking for inttypes.h
configure:4836: gcc -c -g -O2  conftest.c >&5
configure:4836: $? = 0
configure:4836: result: yes
configure:4836: checking for stdint.h
configure:4836: gcc -c -g -O2  conftest.c >&5
configure:4836: $? = 0
configure:4836: result: yes
configure:4836: checking for unistd.h
configure:4836: gcc -c -g -O2  conftest.c >&5
configure:4836: $? = 0
configure:4836: result: yes
configure:4851: checking sys/ioccom.h usability
configure:4851: gcc -c -g -O2  conftest.c >&5
conftest.c:54:10: fatal error: sys/ioccom.h: No such file or directory
   54 | #include <sys/ioccom.h>
      |          ^~~~~~~~~~~~~~
compilation terminated.
configure:4851: $? = 1
configure: failed program was:
| /* confdefs.h */
| #define PACKAGE_NAME "pcap"
| #define PACKAGE_TARNAME "pcap"
| #define PACKAGE_VERSION "1.9.1"
| #define PACKAGE_STRING "pcap 1.9.1"
| #define PACKAGE_BUGREPORT ""
| #define PACKAGE_URL ""
| #define inline inline
| #define HAVE_FSEEKO 1
| #define STDC_HEADERS 1
| #define HAVE_SYS_TYPES_H 1
| #define HAVE_SYS_STAT_H 1
| #define HAVE_STDLIB_H 1
| #define HAVE_STRING_H 1
| #define HAVE_MEMORY_H 1
| #define HAVE_STRINGS_H 1
| #define HAVE_INTTYPES_H 1
| #define HAVE_STDINT_H 1
| #define HAVE_UNISTD_H 1
| /* end confdefs.h.  */
| #include <stdio.h>
| #ifdef HAVE_SYS_TYPES_H
| # include <sys/types.h>
| #endif
| #ifdef HAVE_SYS_STAT_H
| # include <sys/stat.h>
| #endif
| #ifdef STDC_HEADERS
| # include <stdlib.h>
| # include <stddef.h>
| #else
| # ifdef HAVE_STDLIB_H
| #  include <stdlib.h>
| # endif
| #endif
| #ifdef HAVE_STRING_H
| # if !defined STDC_HEADERS && defined HAVE_MEMORY_H
| #  include <memory.h>
| # endif
| # include <string.h>
| #endif
| #ifdef HAVE_STRINGS_H
| # include <strings.h>
| #endif
| #ifdef HAVE_INTTYPES_H
| # include <inttypes.h>
| #endif
| #ifdef HAVE_STDINT_H
| # include <stdint.h>
| #endif
| #ifdef HAVE_UNISTD_H
| # include <unistd.h>
| #endif
| #include <sys/ioccom.h>
configure:4851: result: no
configure:4851: checking sys/ioccom.h presence
configure:4851: gcc -E  conftest.c
conftest.c:21:10: fatal error: sys/ioccom.h: No such file or directory
   21 | #include <sys/ioccom.h>
      |          ^~~~~~~~~~~~~~
compilation terminated.
configure:4851: $? = 1
configure: failed program was:
| /* confdefs.h */
| #define PACKAGE_NAME "pcap"
| #define PACKAGE_TARNAME "pcap"
| #define PACKAGE_VERSION "1.9.1"
| #define PACKAGE_STRING "pcap 1.9.1"
| #define PACKAGE_BUGREPORT ""
| #define PACKAGE_URL ""
| #define inline inline
| #define HAVE_FSEEKO 1
| #define STDC_HEADERS 1
| #define HAVE_SYS_TYPES_H 1
| #define HAVE_SYS_STAT_H 1
| #define HAVE_STDLIB_H 1
| #define HAVE_STRING_H 1
| #define HAVE_MEMORY_H 1
| #define HAVE_STRINGS_H 1
| #define HAVE_INTTYPES_H 1
| #define HAVE_STDINT_H 1
| #define HAVE_UNISTD_H 1
| /* end confdefs.h.  */
| #include <sys/ioccom.h>
configure:4851: result: no
configure:4851: checking for sys/ioccom.h
configure:4851: result: no
configure:4851: checking sys/sockio.h usability
configure:4851: gcc -c -g -O2  conftest.c >&5
conftest.c:54:10: fatal error: sys/sockio.h: No such file or directory
   54 | #include <sys/sockio.h>
      |          ^~~~~~~~~~~~~~
compilation terminated.
configure:4851: $? = 1
configure: failed program was:
| /* confdefs.h */
| #define PACKAGE_NAME "pcap"
| #define PACKAGE_TARNAME "pcap"
| #define PACKAGE_VERSION "1.9.1"
| #define PACKAGE_STRING "pcap 1.9.1"
| #define PACKAGE_BUGREPORT ""
| #define PACKAGE_URL ""
| #define inline inline
| #define HAVE_FSEEKO 1
| #define STDC_HEADERS 1
| #define HAVE_SYS_TYPES_H 1
| #define HAVE_SYS_STAT_H 1
| #define HAVE_STDLIB_H 1
| #define HAVE_STRING_H 1
| #define HAVE_MEMORY_H 1
| #define HAVE_STRINGS_H 1
| #define HAVE_INTTYPES_H 1
| #define HAVE_STDINT_H 1
| #define HAVE_UNISTD_H 1
| /* end confdefs.h.  */
| #include <stdio.h>
| #ifdef HAVE_SYS_TYPES_H
| # include <sys/types.h>
| #endif
| #ifdef HAVE_SYS_STAT_H
| # include <sys/stat.h>
| #endif
| #ifdef STDC_HEADERS
| # include <stdlib.h>
| # include <stddef.h>
| #else
| # ifdef HAVE_STDLIB_H
| #  include <stdlib.h>
| # endif
| #endif
| #ifdef HAVE_STRING_H
| # if !defined STDC_HEADERS && defined HAVE_MEMORY_H
| #  include <memory.h>
| # endif
| # include <string.h>
| #endif
| #ifdef HAVE_STRINGS_H
| # include <strings.h>
| #endif
| #ifdef HAVE_INTTYPES_H
| # include <inttypes.h>
| #endif
| #ifdef HAVE_STDINT_H
| # include <stdint.h>
| #endif
| #ifdef HAVE_UNISTD_H
| # include <unistd.h>
| #endif
| #include <sys/sockio.h>
configure:4851: result: no
configure:4851: checking sys/sockio.h presence
configure:4851: gcc -E  conftest.c
conftest.c:21:10: fatal error: sys/sockio.h: No such file or directory
   21 | #include <sys/sockio.h>
      |          ^~~~~~~~~~~~~~
compilation terminated.
configure:4851: $? = 1
configure: failed program was:
| /* confdefs.h */
| #define PACKAGE_NAME "pcap"
| #define PACKAGE_TARNAME "pcap"
| #define PACKAGE_VERSION "1.9.1"
| #define PACKAGE_STRING "pcap 1.9.1"
| #define PACKAGE_BUGREPORT ""
| #define PACKAGE_URL ""
| #define inline inline
| #define HAVE_FSEEKO 1
| #define STDC_HEADERS 1
| #define HAVE_SYS_TYPES_H 1
| #define HAVE_SYS_STAT_H 1
| #define HAVE_STDLIB_H 1
| #define HAVE_STRING_H 1
| #define HAVE_MEMORY_H 1
| #define HAVE_STRINGS_H 1
| #define HAVE_INTTYPES_H 1
| #define HAVE_STDINT_H 1
| #define HAVE_UNISTD_H 1
| /* end confdefs.h.  */
| #include <sys/sockio.h>
configure:4851: result: no
configure:4851: checking for sys/sockio.h
configure:4851: result: no
configure:4851: checking limits.h usability
configure:4851: gcc -c -g -O2  conftest.c >&5
configure:4851: $? = 0
configure:4851: result: yes
configure:4851: checking limits.h presence
configure:4851: gcc -E  conftest.c
configure:4851: $? = 0
configure:4851: result: yes
configure:4851: checking for limits.h
configure:4851: result: yes
configure:4863: checking netpacket/packet.h usability
configure:4863: gcc -c -g -O2  conftest.c >&5
configure:4863: $? = 0
configure:4863: result: yes
configure:4863: checking netpacket/packet.h presence
configure:4863: gcc -E  conftest.c
configure:4863: $? = 0
configure:4863: result: yes
configure:4863: checking for netpacket/packet.h
configure:4863: result: yes
configure:4875: checking for net/pfvar.h
configure:4875: gcc -c -g -O2  conftest.c >&5
conftest.c:27:10: fatal error: net/pfvar.h: No such file or directory
   27 | #include <net/pfvar.h>
      |          ^~~~~~~~~~~~~
compilation terminated.
configure:4875: $? = 1
configure: failed program was:
| /* confdefs.h */
| #define PACKAGE_NAME "pcap"
| #define PACKAGE_TARNAME "pcap"
| #define PACKAGE_VERSION "1.9.1"
| #define PACKAGE_STRING "pcap 1.9.1"
| #define PACKAGE_BUGREPORT ""
| #define PACKAGE_URL ""
| #define inline inline
| #define HAVE_FSEEKO 1
| #define STDC_HEADERS 1
| #define HAVE_SYS_TYPES_H 1
| #define HAVE_SYS_STAT_H 1
| #define HAVE_STDLIB_H 1
| #define HAVE_STRING_H 1
| #define HAVE_MEMORY_H 1
| #define HAVE_STRINGS_H 1
| #define HAVE_INTTYPES_H 1
| #define HAVE_STDINT_H 1
| #define HAVE_UNISTD_H 1
| #define HAVE_LIMITS_H 1
| #define HAVE_NETPACKET_PACKET_H 1
| /* end confdefs.h.  */
| #include <sys/types.h>
| #include <sys/socket.h>
| #include <net/if.h>
| 
| #include <net/pfvar.h>
configure:4875: result: no
configure:4928: checking for linux/sockios.h
configure:4928: gcc -c -g -O2  conftest.c >&5
configure:4928: $? = 0
configure:4928: result: yes
configure:4928: checking for linux/if_bonding.h
configure:4928: gcc -c -g -O2  conftest.c >&5
configure:4928: $? = 0
configure:4928: result: yes
configure:4946: checking for ANSI ioctl definitions
configure:4974: gcc -c -g -O2  conftest.c >&5
configure:4974: $? = 0
configure:4982: result: yes
configure:4993: checking for strerror
configure:4993: gcc -o conftest -g -O2   conftest.c  >&5
configure:4993: $? = 0
configure:4993: result: yes
configure:5002: checking for strerror_r
configure:5002: gcc -o conftest -g -O2   conftest.c  >&5
configure:5002: $? = 0
configure:5002: result: yes
configure:5009: checking whether strerror_r is GNU-style
configure:5028: gcc -c -g -O2  conftest.c >&5
configure:5028: $? = 0
configure:5031: result: yes
configure:5073: checking for vsyslog
configure:5073: gcc -o conftest -g -O2   conftest.c  >&5
configure:5073: $? = 0
configure:5073: result: yes
configure:5109: checking for vsnprintf
configure:5109: gcc -o conftest -g -O2   conftest.c  >&5
conftest.c:51:6: warning: conflicting types for built-in function 'vsnprintf'; expected 'int(char *, long unsigned int,  const char *, __va_list_tag *)' [-Wbuiltin-declaration-mismatch]
   51 | char vsnprintf ();
      |      ^~~~~~~~~
conftest.c:39:1: note: 'vsnprintf' is declared in header '<stdio.h>'
   38 | # include <limits.h>
   39 | #else
configure:5109: $? = 0
configure:5109: result: yes
configure:5109: checking for snprintf
configure:5109: gcc -o conftest -g -O2   conftest.c  >&5
conftest.c:52:6: warning: conflicting types for built-in function 'snprintf'; expected 'int(char *, long unsigned int,  const char *, ...)' [-Wbuiltin-declaration-mismatch]
   52 | char snprintf ();
      |      ^~~~~~~~
conftest.c:40:1: note: 'snprintf' is declared in header '<stdio.h>'
   39 | # include <limits.h>
   40 | #else
configure:5109: $? = 0
configure:5109: result: yes
configure:5124: checking for vasprintf
configure:5124: gcc -o conftest -g -O2   conftest.c  >&5
configure:5124: $? = 0
configure:5124: result: yes
configure:5124: checking for asprintf
configure:5124: gcc -o conftest -g -O2   conftest.c  >&5
configure:5124: $? = 0
configure:5124: result: yes
configure:5163: checking for strlcat
configure:5163: gcc -o conftest -g -O2   conftest.c  >&5
/usr/bin/ld: /tmp/ccEPS5Gh.o: in function `main':
/mnt/c/Users/minhq/linux/libpcap/conftest.c:66: undefined reference to `strlcat'
collect2: error: ld returned 1 exit status
configure:5163: $? = 1
configure: failed program was:
| /* confdefs.h */
| #define PACKAGE_NAME "pcap"
| #define PACKAGE_TARNAME "pcap"
| #define PACKAGE_VERSION "1.9.1"
| #define PACKAGE_STRING "pcap 1.9.1"
| #define PACKAGE_BUGREPORT ""
| #define PACKAGE_URL ""
| #define inline inline
| #define HAVE_FSEEKO 1
| #define STDC_HEADERS 1
| #define HAVE_SYS_TYPES_H 1
| #define HAVE_SYS_STAT_H 1
| #define HAVE_STDLIB_H 1
| #define HAVE_STRING_H 1
| #define HAVE_MEMORY_H 1
| #define HAVE_STRINGS_H 1
| #define HAVE_INTTYPES_H 1
| #define HAVE_STDINT_H 1
| #define HAVE_UNISTD_H 1
| #define HAVE_LIMITS_H 1
| #define HAVE_NETPACKET_PACKET_H 1
| #define HAVE_LINUX_SOCKIOS_H 1
| #define HAVE_LINUX_IF_BONDING_H 1
| #define HAVE_STRERROR 1
| #define HAVE_GNU_STRERROR_R /**/
| #define HAVE_VSYSLOG 1
| #define HAVE_VSNPRINTF 1
| #define HAVE_SNPRINTF 1
| #define HAVE_VASPRINTF 1
| #define HAVE_ASPRINTF 1
| /* end confdefs.h.  */
| /* Define strlcat to an innocuous variant, in case <limits.h> declares strlcat.
|    For example, HP-UX 11i <limits.h> declares gettimeofday.  */
| #define strlcat innocuous_strlcat
| 
| /* System header to define __stub macros and hopefully few prototypes,
|     which can conflict with char strlcat (); below.
|     Prefer <limits.h> to <assert.h> if __STDC__ is defined, since
|     <limits.h> exists even on freestanding compilers.  */
| 
| #ifdef __STDC__
| # include <limits.h>
| #else
| # include <assert.h>
| #endif
| 
| #undef strlcat
| 
| /* Override any GCC internal prototype to avoid an error.
|    Use char because int might match the return type of a GCC
|    builtin and then its argument prototype would still apply.  */
| #ifdef __cplusplus
| extern "C"
| #endif
| char strlcat ();
| /* The GNU C library defines this for functions which it implements
|     to always fail with ENOSYS.  Some functions are actually named
|     something starting with __ and the normal name is an alias.  */
| #if defined __stub_strlcat || defined __stub___strlcat
| choke me
| #endif
| 
| int
| main ()
| {
| return strlcat ();
|   ;
|   return 0;
| }
configure:5163: result: no
configure:5186: checking for strlcpy
configure:5186: gcc -o conftest -g -O2   conftest.c  >&5
/usr/bin/ld: /tmp/cca2nGkp.o: in function `main':
/mnt/c/Users/minhq/linux/libpcap/conftest.c:66: undefined reference to `strlcpy'
collect2: error: ld returned 1 exit status
configure:5186: $? = 1
configure: failed program was:
| /* confdefs.h */
| #define PACKAGE_NAME "pcap"
| #define PACKAGE_TARNAME "pcap"
| #define PACKAGE_VERSION "1.9.1"
| #define PACKAGE_STRING "pcap 1.9.1"
| #define PACKAGE_BUGREPORT ""
| #define PACKAGE_URL ""
| #define inline inline
| #define HAVE_FSEEKO 1
| #define STDC_HEADERS 1
| #define HAVE_SYS_TYPES_H 1
| #define HAVE_SYS_STAT_H 1
| #define HAVE_STDLIB_H 1
| #define HAVE_STRING_H 1
| #define HAVE_MEMORY_H 1
| #define HAVE_STRINGS_H 1
| #define HAVE_INTTYPES_H 1
| #define HAVE_STDINT_H 1
| #define HAVE_UNISTD_H 1
| #define HAVE_LIMITS_H 1
| #define HAVE_NETPACKET_PACKET_H 1
| #define HAVE_LINUX_SOCKIOS_H 1
| #define HAVE_LINUX_IF_BONDING_H 1
| #define HAVE_STRERROR 1
| #define HAVE_GNU_STRERROR_R /**/
| #define HAVE_VSYSLOG 1
| #define HAVE_VSNPRINTF 1
| #define HAVE_SNPRINTF 1
| #define HAVE_VASPRINTF 1
| #define HAVE_ASPRINTF 1
| /* end confdefs.h.  */
| /* Define strlcpy to an innocuous variant, in case <limits.h> declares strlcpy.
|    For example, HP-UX 11i <limits.h> declares gettimeofday.  */
| #define strlcpy innocuous_strlcpy
| 
| /* System header to define __stub macros and hopefully few prototypes,
|     which can conflict with char strlcpy (); below.
|     Prefer <limits.h> to <assert.h> if __STDC__ is defined, since
|     <limits.h> exists even on freestanding compilers.  */
| 
| #ifdef __STDC__
| # include <limits.h>
| #else
| # include <assert.h>
| #endif
| 
| #undef strlcpy
| 
| /* Override any GCC internal prototype to avoid an error.
|    Use char because int might match the return type of a GCC
|    builtin and then its argument prototype would still apply.  */
| #ifdef __cplusplus
| extern "C"
| #endif
| char strlcpy ();
| /* The GNU C library defines this for functions which it implements
|     to always fail with ENOSYS.  Some functions are actually named
|     something starting with __ and the normal name is an alias.  */
| #if defined __stub_strlcpy || defined __stub___strlcpy
| choke me
| #endif
| 
| int
| main ()
| {
| return strlcpy ();
|   ;
|   return 0;
| }
configure:5186: result: no
configure:5209: checking for strtok_r
configure:5209: gcc -o conftest -g -O2   conftest.c  >&5
configure:5209: $? = 0
configure:5209: result: yes
configure:5234: checking for ffs
configure:5234: gcc -o conftest -g -O2   conftest.c  >&5
conftest.c:56:6: warning: conflicting types for built-in function 'ffs'; expected 'int(int)' [-Wbuiltin-declaration-mismatch]
   56 | char ffs ();
      |      ^~~
configure:5234: $? = 0
configure:5234: result: yes
configure:5250: checking whether ffs is declared
configure:5250: gcc -c -g -O2  conftest.c >&5
configure:5250: $? = 0
configure:5250: result: yes
configure:5273: checking for getaddrinfo
configure:5273: gcc -o conftest -g -O2   conftest.c  >&5
configure:5273: $? = 0
configure:5273: result: yes
configure:5388: checking for library containing putmsg
configure:5419: gcc -o conftest -g -O2   conftest.c  >&5
/usr/bin/ld: /tmp/ccpbuA71.o: in function `main':
/mnt/c/Users/minhq/linux/libpcap/conftest.c:46: undefined reference to `putmsg'
collect2: error: ld returned 1 exit status
configure:5419: $? = 1
configure: failed program was:
| /* confdefs.h */
| #define PACKAGE_NAME "pcap"
| #define PACKAGE_TARNAME "pcap"
| #define PACKAGE_VERSION "1.9.1"
| #define PACKAGE_STRING "pcap 1.9.1"
| #define PACKAGE_BUGREPORT ""
| #define PACKAGE_URL ""
| #define inline inline
| #define HAVE_FSEEKO 1
| #define STDC_HEADERS 1
| #define HAVE_SYS_TYPES_H 1
| #define HAVE_SYS_STAT_H 1
| #define HAVE_STDLIB_H 1
| #define HAVE_STRING_H 1
| #define HAVE_MEMORY_H 1
| #define HAVE_STRINGS_H 1
| #define HAVE_INTTYPES_H 1
| #define HAVE_STDINT_H 1
| #define HAVE_UNISTD_H 1
| #define HAVE_LIMITS_H 1
| #define HAVE_NETPACKET_PACKET_H 1
| #define HAVE_LINUX_SOCKIOS_H 1
| #define HAVE_LINUX_IF_BONDING_H 1
| #define HAVE_STRERROR 1
| #define HAVE_GNU_STRERROR_R /**/
| #define HAVE_VSYSLOG 1
| #define HAVE_VSNPRINTF 1
| #define HAVE_SNPRINTF 1
| #define HAVE_VASPRINTF 1
| #define HAVE_ASPRINTF 1
| #define HAVE_STRTOK_R 1
| #define HAVE_FFS 1
| #define STRINGS_H_DECLARES_FFS /**/
| /* end confdefs.h.  */
| 
| /* Override any GCC internal prototype to avoid an error.
|    Use char because int might match the return type of a GCC
|    builtin and then its argument prototype would still apply.  */
| #ifdef __cplusplus
| extern "C"
| #endif
| char putmsg ();
| int
| main ()
| {
| return putmsg ();
|   ;
|   return 0;
| }
configure:5419: gcc -o conftest -g -O2   conftest.c -lstr   >&5
/usr/bin/ld: cannot find -lstr
collect2: error: ld returned 1 exit status
configure:5419: $? = 1
configure: failed program was:
| /* confdefs.h */
| #define PACKAGE_NAME "pcap"
| #define PACKAGE_TARNAME "pcap"
| #define PACKAGE_VERSION "1.9.1"
| #define PACKAGE_STRING "pcap 1.9.1"
| #define PACKAGE_BUGREPORT ""
| #define PACKAGE_URL ""
| #define inline inline
| #define HAVE_FSEEKO 1
| #define STDC_HEADERS 1
| #define HAVE_SYS_TYPES_H 1
| #define HAVE_SYS_STAT_H 1
| #define HAVE_STDLIB_H 1
| #define HAVE_STRING_H 1
| #define HAVE_MEMORY_H 1
| #define HAVE_STRINGS_H 1
| #define HAVE_INTTYPES_H 1
| #define HAVE_STDINT_H 1
| #define HAVE_UNISTD_H 1
| #define HAVE_LIMITS_H 1
| #define HAVE_NETPACKET_PACKET_H 1
| #define HAVE_LINUX_SOCKIOS_H 1
| #define HAVE_LINUX_IF_BONDING_H 1
| #define HAVE_STRERROR 1
| #define HAVE_GNU_STRERROR_R /**/
| #define HAVE_VSYSLOG 1
| #define HAVE_VSNPRINTF 1
| #define HAVE_SNPRINTF 1
| #define HAVE_VASPRINTF 1
| #define HAVE_ASPRINTF 1
| #define HAVE_STRTOK_R 1
| #define HAVE_FFS 1
| #define STRINGS_H_DECLARES_FFS /**/
| /* end confdefs.h.  */
| 
| /* Override any GCC internal prototype to avoid an error.
|    Use char because int might match the return type of a GCC
|    builtin and then its argument prototype would still apply.  */
| #ifdef __cplusplus
| extern "C"
| #endif
| char putmsg ();
| int
| main ()
| {
| return putmsg ();
|   ;
|   return 0;
| }
configure:5436: result: no
configure:5459: checking whether getnetbyname_r is declared
configure:5459: gcc -c -g -O2  conftest.c >&5
configure:5459: $? = 0
configure:5459: result: yes
configure:5463: checking for the Linux getnetbyname_r()
configure:5483: gcc -o conftest -g -O2   conftest.c  >&5
configure:5483: $? = 0
configure:5485: result: yes
configure:5586: checking whether getprotobyname_r is declared
configure:5586: gcc -c -g -O2  conftest.c >&5
configure:5586: $? = 0
configure:5586: result: yes
configure:5590: checking for the Linux getprotobyname_r()
configure:5609: gcc -o conftest -g -O2   conftest.c  >&5
configure:5609: $? = 0
configure:5611: result: yes
configure:5713: checking for ether_hostton
configure:5713: gcc -o conftest -g -O2   conftest.c  >&5
configure:5713: $? = 0
configure:5713: result: yes
configure:5729: checking whether ether_hostton is declared
configure:5729: gcc -c -g -O2  conftest.c >&5
conftest.c: In function 'main':
conftest.c:49:10: error: 'ether_hostton' undeclared (first use in this function)
   49 |   (void) ether_hostton;
      |          ^~~~~~~~~~~~~
conftest.c:49:10: note: each undeclared identifier is reported only once for each function it appears in
configure:5729: $? = 1
configure: failed program was:
| /* confdefs.h */
| #define PACKAGE_NAME "pcap"
| #define PACKAGE_TARNAME "pcap"
| #define PACKAGE_VERSION "1.9.1"
| #define PACKAGE_STRING "pcap 1.9.1"
| #define PACKAGE_BUGREPORT ""
| #define PACKAGE_URL ""
| #define inline inline
| #define HAVE_FSEEKO 1
| #define STDC_HEADERS 1
| #define HAVE_SYS_TYPES_H 1
| #define HAVE_SYS_STAT_H 1
| #define HAVE_STDLIB_H 1
| #define HAVE_STRING_H 1
| #define HAVE_MEMORY_H 1
| #define HAVE_STRINGS_H 1
| #define HAVE_INTTYPES_H 1
| #define HAVE_STDINT_H 1
| #define HAVE_UNISTD_H 1
| #define HAVE_LIMITS_H 1
| #define HAVE_NETPACKET_PACKET_H 1
| #define HAVE_LINUX_SOCKIOS_H 1
| #define HAVE_LINUX_IF_BONDING_H 1
| #define HAVE_STRERROR 1
| #define HAVE_GNU_STRERROR_R /**/
| #define HAVE_VSYSLOG 1
| #define HAVE_VSNPRINTF 1
| #define HAVE_SNPRINTF 1
| #define HAVE_VASPRINTF 1
| #define HAVE_ASPRINTF 1
| #define HAVE_STRTOK_R 1
| #define HAVE_FFS 1
| #define STRINGS_H_DECLARES_FFS /**/
| #define HAVE_LINUX_GETNETBYNAME_R 1
| #define HAVE_LINUX_GETPROTOBYNAME_R 1
| #define HAVE_ETHER_HOSTTON 1
| /* end confdefs.h.  */
| 
| #include <net/ethernet.h>
| 
| 
| int
| main ()
| {
| #ifndef ether_hostton
| #ifdef __cplusplus
|   (void) ether_hostton;
| #else
|   (void) ether_hostton;
| #endif
| #endif
| 
|   ;
|   return 0;
| }
configure:5729: result: no
configure:5756: checking whether ether_hostton is declared
configure:5756: gcc -c -g -O2  conftest.c >&5
configure:5756: $? = 0
configure:5756: result: yes
configure:5904: checking pthread.h usability
configure:5904: gcc -c -g -O2  conftest.c >&5
configure:5904: $? = 0
configure:5904: result: yes
configure:5904: checking pthread.h presence
configure:5904: gcc -E  conftest.c
configure:5904: $? = 0
configure:5904: result: yes
configure:5904: checking for pthread.h
configure:5904: result: yes
configure:5911: checking for pthread_create
configure:5911: gcc -o conftest -g -O2   conftest.c  >&5
/usr/bin/ld: /tmp/cc3kytwA.o: in function `main':
/mnt/c/Users/minhq/linux/libpcap/conftest.c:74: undefined reference to `pthread_create'
collect2: error: ld returned 1 exit status
configure:5911: $? = 1
configure: failed program was:
| /* confdefs.h */
| #define PACKAGE_NAME "pcap"
| #define PACKAGE_TARNAME "pcap"
| #define PACKAGE_VERSION "1.9.1"
| #define PACKAGE_STRING "pcap 1.9.1"
| #define PACKAGE_BUGREPORT ""
| #define PACKAGE_URL ""
| #define inline inline
| #define HAVE_FSEEKO 1
| #define STDC_HEADERS 1
| #define HAVE_SYS_TYPES_H 1
| #define HAVE_SYS_STAT_H 1
| #define HAVE_STDLIB_H 1
| #define HAVE_STRING_H 1
| #define HAVE_MEMORY_H 1
| #define HAVE_STRINGS_H 1
| #define HAVE_INTTYPES_H 1
| #define HAVE_STDINT_H 1
| #define HAVE_UNISTD_H 1
| #define HAVE_LIMITS_H 1
| #define HAVE_NETPACKET_PACKET_H 1
| #define HAVE_LINUX_SOCKIOS_H 1
| #define HAVE_LINUX_IF_BONDING_H 1
| #define HAVE_STRERROR 1
| #define HAVE_GNU_STRERROR_R /**/
| #define HAVE_VSYSLOG 1
| #define HAVE_VSNPRINTF 1
| #define HAVE_SNPRINTF 1
| #define HAVE_VASPRINTF 1
| #define HAVE_ASPRINTF 1
| #define HAVE_STRTOK_R 1
| #define HAVE_FFS 1
| #define STRINGS_H_DECLARES_FFS /**/
| #define HAVE_LINUX_GETNETBYNAME_R 1
| #define HAVE_LINUX_GETPROTOBYNAME_R 1
| #define HAVE_ETHER_HOSTTON 1
| #define NETINET_ETHER_H_DECLARES_ETHER_HOSTTON /**/
| #define HAVE_DECL_ETHER_HOSTTON 1
| /* end confdefs.h.  */
| /* Define pthread_create to an innocuous variant, in case <limits.h> declares pthread_create.
|    For example, HP-UX 11i <limits.h> declares gettimeofday.  */
| #define pthread_create innocuous_pthread_create
| 
| /* System header to define __stub macros and hopefully few prototypes,
|     which can conflict with char pthread_create (); below.
|     Prefer <limits.h> to <assert.h> if __STDC__ is defined, since
|     <limits.h> exists even on freestanding compilers.  */
| 
| #ifdef __STDC__
| # include <limits.h>
| #else
| # include <assert.h>
| #endif
| 
| #undef pthread_create
| 
| /* Override any GCC internal prototype to avoid an error.
|    Use char because int might match the return type of a GCC
|    builtin and then its argument prototype would still apply.  */
| #ifdef __cplusplus
| extern "C"
| #endif
| char pthread_create ();
| /* The GNU C library defines this for functions which it implements
|     to always fail with ENOSYS.  Some functions are actually named
|     something starting with __ and the normal name is an alias.  */
| #if defined __stub_pthread_create || defined __stub___pthread_create
| choke me
| #endif
| 
| int
| main ()
| {
| return pthread_create ();
|   ;
|   return 0;
| }
configure:5911: result: no
configure:5924: checking for pthread_create in -lpthreads
configure:5949: gcc -o conftest -g -O2   conftest.c -lpthreads   >&5
/usr/bin/ld: cannot find -lpthreads
collect2: error: ld returned 1 exit status
configure:5949: $? = 1
configure: failed program was:
| /* confdefs.h */
| #define PACKAGE_NAME "pcap"
| #define PACKAGE_TARNAME "pcap"
| #define PACKAGE_VERSION "1.9.1"
| #define PACKAGE_STRING "pcap 1.9.1"
| #define PACKAGE_BUGREPORT ""
| #define PACKAGE_URL ""
| #define inline inline
| #define HAVE_FSEEKO 1
| #define STDC_HEADERS 1
| #define HAVE_SYS_TYPES_H 1
| #define HAVE_SYS_STAT_H 1
| #define HAVE_STDLIB_H 1
| #define HAVE_STRING_H 1
| #define HAVE_MEMORY_H 1
| #define HAVE_STRINGS_H 1
| #define HAVE_INTTYPES_H 1
| #define HAVE_STDINT_H 1
| #define HAVE_UNISTD_H 1
| #define HAVE_LIMITS_H 1
| #define HAVE_NETPACKET_PACKET_H 1
| #define HAVE_LINUX_SOCKIOS_H 1
| #define HAVE_LINUX_IF_BONDING_H 1
| #define HAVE_STRERROR 1
| #define HAVE_GNU_STRERROR_R /**/
| #define HAVE_VSYSLOG 1
| #define HAVE_VSNPRINTF 1
| #define HAVE_SNPRINTF 1
| #define HAVE_VASPRINTF 1
| #define HAVE_ASPRINTF 1
| #define HAVE_STRTOK_R 1
| #define HAVE_FFS 1
| #define STRINGS_H_DECLARES_FFS /**/
| #define HAVE_LINUX_GETNETBYNAME_R 1
| #define HAVE_LINUX_GETPROTOBYNAME_R 1
| #define HAVE_ETHER_HOSTTON 1
| #define NETINET_ETHER_H_DECLARES_ETHER_HOSTTON /**/
| #define HAVE_DECL_ETHER_HOSTTON 1
| /* end confdefs.h.  */
| 
| /* Override any GCC internal prototype to avoid an error.
|    Use char because int might match the return type of a GCC
|    builtin and then its argument prototype would still apply.  */
| #ifdef __cplusplus
| extern "C"
| #endif
| char pthread_create ();
| int
| main ()
| {
| return pthread_create ();
|   ;
|   return 0;
| }
configure:5958: result: no
configure:5973: checking for pthread_create in -lpthread
configure:5998: gcc -o conftest -g -O2   conftest.c -lpthread   >&5
configure:5998: $? = 0
configure:6007: result: yes
configure:6045: checking if --disable-protochain option is specified
configure:6063: result: enabled
configure:6107: checking net/bpf.h usability
configure:6107: gcc -c -g -O2  conftest.c >&5
conftest.c:73:10: fatal error: net/bpf.h: No such file or directory
   73 | #include <net/bpf.h>
      |          ^~~~~~~~~~~
compilation terminated.
configure:6107: $? = 1
configure: failed program was:
| /* confdefs.h */
| #define PACKAGE_NAME "pcap"
| #define PACKAGE_TARNAME "pcap"
| #define PACKAGE_VERSION "1.9.1"
| #define PACKAGE_STRING "pcap 1.9.1"
| #define PACKAGE_BUGREPORT ""
| #define PACKAGE_URL ""
| #define inline inline
| #define HAVE_FSEEKO 1
| #define STDC_HEADERS 1
| #define HAVE_SYS_TYPES_H 1
| #define HAVE_SYS_STAT_H 1
| #define HAVE_STDLIB_H 1
| #define HAVE_STRING_H 1
| #define HAVE_MEMORY_H 1
| #define HAVE_STRINGS_H 1
| #define HAVE_INTTYPES_H 1
| #define HAVE_STDINT_H 1
| #define HAVE_UNISTD_H 1
| #define HAVE_LIMITS_H 1
| #define HAVE_NETPACKET_PACKET_H 1
| #define HAVE_LINUX_SOCKIOS_H 1
| #define HAVE_LINUX_IF_BONDING_H 1
| #define HAVE_STRERROR 1
| #define HAVE_GNU_STRERROR_R /**/
| #define HAVE_VSYSLOG 1
| #define HAVE_VSNPRINTF 1
| #define HAVE_SNPRINTF 1
| #define HAVE_VASPRINTF 1
| #define HAVE_ASPRINTF 1
| #define HAVE_STRTOK_R 1
| #define HAVE_FFS 1
| #define STRINGS_H_DECLARES_FFS /**/
| #define HAVE_LINUX_GETNETBYNAME_R 1
| #define HAVE_LINUX_GETPROTOBYNAME_R 1
| #define HAVE_ETHER_HOSTTON 1
| #define NETINET_ETHER_H_DECLARES_ETHER_HOSTTON /**/
| #define HAVE_DECL_ETHER_HOSTTON 1
| /* end confdefs.h.  */
| #include <stdio.h>
| #ifdef HAVE_SYS_TYPES_H
| # include <sys/types.h>
| #endif
| #ifdef HAVE_SYS_STAT_H
| # include <sys/stat.h>
| #endif
| #ifdef STDC_HEADERS
| # include <stdlib.h>
| # include <stddef.h>
| #else
| # ifdef HAVE_STDLIB_H
| #  include <stdlib.h>
| # endif
| #endif
| #ifdef HAVE_STRING_H
| # if !defined STDC_HEADERS && defined HAVE_MEMORY_H
| #  include <memory.h>
| # endif
| # include <string.h>
| #endif
| #ifdef HAVE_STRINGS_H
| # include <strings.h>
| #endif
| #ifdef HAVE_INTTYPES_H
| # include <inttypes.h>
| #endif
| #ifdef HAVE_STDINT_H
| # include <stdint.h>
| #endif
| #ifdef HAVE_UNISTD_H
| # include <unistd.h>
| #endif
| #include <net/bpf.h>
configure:6107: result: no
configure:6107: checking net/bpf.h presence
configure:6107: gcc -E  conftest.c
conftest.c:40:10: fatal error: net/bpf.h: No such file or directory
   40 | #include <net/bpf.h>
      |          ^~~~~~~~~~~
compilation terminated.
configure:6107: $? = 1
configure: failed program was:
| /* confdefs.h */
| #define PACKAGE_NAME "pcap"
| #define PACKAGE_TARNAME "pcap"
| #define PACKAGE_VERSION "1.9.1"
| #define PACKAGE_STRING "pcap 1.9.1"
| #define PACKAGE_BUGREPORT ""
| #define PACKAGE_URL ""
| #define inline inline
| #define HAVE_FSEEKO 1
| #define STDC_HEADERS 1
| #define HAVE_SYS_TYPES_H 1
| #define HAVE_SYS_STAT_H 1
| #define HAVE_STDLIB_H 1
| #define HAVE_STRING_H 1
| #define HAVE_MEMORY_H 1
| #define HAVE_STRINGS_H 1
| #define HAVE_INTTYPES_H 1
| #define HAVE_STDINT_H 1
| #define HAVE_UNISTD_H 1
| #define HAVE_LIMITS_H 1
| #define HAVE_NETPACKET_PACKET_H 1
| #define HAVE_LINUX_SOCKIOS_H 1
| #define HAVE_LINUX_IF_BONDING_H 1
| #define HAVE_STRERROR 1
| #define HAVE_GNU_STRERROR_R /**/
| #define HAVE_VSYSLOG 1
| #define HAVE_VSNPRINTF 1
| #define HAVE_SNPRINTF 1
| #define HAVE_VASPRINTF 1
| #define HAVE_ASPRINTF 1
| #define HAVE_STRTOK_R 1
| #define HAVE_FFS 1
| #define STRINGS_H_DECLARES_FFS /**/
| #define HAVE_LINUX_GETNETBYNAME_R 1
| #define HAVE_LINUX_GETPROTOBYNAME_R 1
| #define HAVE_ETHER_HOSTTON 1
| #define NETINET_ETHER_H_DECLARES_ETHER_HOSTTON /**/
| #define HAVE_DECL_ETHER_HOSTTON 1
| /* end confdefs.h.  */
| #include <net/bpf.h>
configure:6107: result: no
configure:6107: checking for net/bpf.h
configure:6107: result: no
configure:6190: checking net/pfilt.h usability
configure:6190: gcc -c -g -O2  conftest.c >&5
conftest.c:73:10: fatal error: net/pfilt.h: No such file or directory
   73 | #include <net/pfilt.h>
      |          ^~~~~~~~~~~~~
compilation terminated.
configure:6190: $? = 1
configure: failed program was:
| /* confdefs.h */
| #define PACKAGE_NAME "pcap"
| #define PACKAGE_TARNAME "pcap"
| #define PACKAGE_VERSION "1.9.1"
| #define PACKAGE_STRING "pcap 1.9.1"
| #define PACKAGE_BUGREPORT ""
| #define PACKAGE_URL ""
| #define inline inline
| #define HAVE_FSEEKO 1
| #define STDC_HEADERS 1
| #define HAVE_SYS_TYPES_H 1
| #define HAVE_SYS_STAT_H 1
| #define HAVE_STDLIB_H 1
| #define HAVE_STRING_H 1
| #define HAVE_MEMORY_H 1
| #define HAVE_STRINGS_H 1
| #define HAVE_INTTYPES_H 1
| #define HAVE_STDINT_H 1
| #define HAVE_UNISTD_H 1
| #define HAVE_LIMITS_H 1
| #define HAVE_NETPACKET_PACKET_H 1
| #define HAVE_LINUX_SOCKIOS_H 1
| #define HAVE_LINUX_IF_BONDING_H 1
| #define HAVE_STRERROR 1
| #define HAVE_GNU_STRERROR_R /**/
| #define HAVE_VSYSLOG 1
| #define HAVE_VSNPRINTF 1
| #define HAVE_SNPRINTF 1
| #define HAVE_VASPRINTF 1
| #define HAVE_ASPRINTF 1
| #define HAVE_STRTOK_R 1
| #define HAVE_FFS 1
| #define STRINGS_H_DECLARES_FFS /**/
| #define HAVE_LINUX_GETNETBYNAME_R 1
| #define HAVE_LINUX_GETPROTOBYNAME_R 1
| #define HAVE_ETHER_HOSTTON 1
| #define NETINET_ETHER_H_DECLARES_ETHER_HOSTTON /**/
| #define HAVE_DECL_ETHER_HOSTTON 1
| /* end confdefs.h.  */
| #include <stdio.h>
| #ifdef HAVE_SYS_TYPES_H
| # include <sys/types.h>
| #endif
| #ifdef HAVE_SYS_STAT_H
| # include <sys/stat.h>
| #endif
| #ifdef STDC_HEADERS
| # include <stdlib.h>
| # include <stddef.h>
| #else
| # ifdef HAVE_STDLIB_H
| #  include <stdlib.h>
| # endif
| #endif
| #ifdef HAVE_STRING_H
| # if !defined STDC_HEADERS && defined HAVE_MEMORY_H
| #  include <memory.h>
| # endif
| # include <string.h>
| #endif
| #ifdef HAVE_STRINGS_H
| # include <strings.h>
| #endif
| #ifdef HAVE_INTTYPES_H
| # include <inttypes.h>
| #endif
| #ifdef HAVE_STDINT_H
| # include <stdint.h>
| #endif
| #ifdef HAVE_UNISTD_H
| # include <unistd.h>
| #endif
| #include <net/pfilt.h>
configure:6190: result: no
configure:6190: checking net/pfilt.h presence
configure:6190: gcc -E  conftest.c
conftest.c:40:10: fatal error: net/pfilt.h: No such file or directory
   40 | #include <net/pfilt.h>
      |          ^~~~~~~~~~~~~
compilation terminated.
configure:6190: $? = 1
configure: failed program was:
| /* confdefs.h */
| #define PACKAGE_NAME "pcap"
| #define PACKAGE_TARNAME "pcap"
| #define PACKAGE_VERSION "1.9.1"
| #define PACKAGE_STRING "pcap 1.9.1"
| #define PACKAGE_BUGREPORT ""
| #define PACKAGE_URL ""
| #define inline inline
| #define HAVE_FSEEKO 1
| #define STDC_HEADERS 1
| #define HAVE_SYS_TYPES_H 1
| #define HAVE_SYS_STAT_H 1
| #define HAVE_STDLIB_H 1
| #define HAVE_STRING_H 1
| #define HAVE_MEMORY_H 1
| #define HAVE_STRINGS_H 1
| #define HAVE_INTTYPES_H 1
| #define HAVE_STDINT_H 1
| #define HAVE_UNISTD_H 1
| #define HAVE_LIMITS_H 1
| #define HAVE_NETPACKET_PACKET_H 1
| #define HAVE_LINUX_SOCKIOS_H 1
| #define HAVE_LINUX_IF_BONDING_H 1
| #define HAVE_STRERROR 1
| #define HAVE_GNU_STRERROR_R /**/
| #define HAVE_VSYSLOG 1
| #define HAVE_VSNPRINTF 1
| #define HAVE_SNPRINTF 1
| #define HAVE_VASPRINTF 1
| #define HAVE_ASPRINTF 1
| #define HAVE_STRTOK_R 1
| #define HAVE_FFS 1
| #define STRINGS_H_DECLARES_FFS /**/
| #define HAVE_LINUX_GETNETBYNAME_R 1
| #define HAVE_LINUX_GETPROTOBYNAME_R 1
| #define HAVE_ETHER_HOSTTON 1
| #define NETINET_ETHER_H_DECLARES_ETHER_HOSTTON /**/
| #define HAVE_DECL_ETHER_HOSTTON 1
| /* end confdefs.h.  */
| #include <net/pfilt.h>
configure:6190: result: no
configure:6190: checking for net/pfilt.h
configure:6190: result: no
configure:6190: checking net/enet.h usability
configure:6190: gcc -c -g -O2  conftest.c >&5
conftest.c:73:10: fatal error: net/enet.h: No such file or directory
   73 | #include <net/enet.h>
      |          ^~~~~~~~~~~~
compilation terminated.
configure:6190: $? = 1
configure: failed program was:
| /* confdefs.h */
| #define PACKAGE_NAME "pcap"
| #define PACKAGE_TARNAME "pcap"
| #define PACKAGE_VERSION "1.9.1"
| #define PACKAGE_STRING "pcap 1.9.1"
| #define PACKAGE_BUGREPORT ""
| #define PACKAGE_URL ""
| #define inline inline
| #define HAVE_FSEEKO 1
| #define STDC_HEADERS 1
| #define HAVE_SYS_TYPES_H 1
| #define HAVE_SYS_STAT_H 1
| #define HAVE_STDLIB_H 1
| #define HAVE_STRING_H 1
| #define HAVE_MEMORY_H 1
| #define HAVE_STRINGS_H 1
| #define HAVE_INTTYPES_H 1
| #define HAVE_STDINT_H 1
| #define HAVE_UNISTD_H 1
| #define HAVE_LIMITS_H 1
| #define HAVE_NETPACKET_PACKET_H 1
| #define HAVE_LINUX_SOCKIOS_H 1
| #define HAVE_LINUX_IF_BONDING_H 1
| #define HAVE_STRERROR 1
| #define HAVE_GNU_STRERROR_R /**/
| #define HAVE_VSYSLOG 1
| #define HAVE_VSNPRINTF 1
| #define HAVE_SNPRINTF 1
| #define HAVE_VASPRINTF 1
| #define HAVE_ASPRINTF 1
| #define HAVE_STRTOK_R 1
| #define HAVE_FFS 1
| #define STRINGS_H_DECLARES_FFS /**/
| #define HAVE_LINUX_GETNETBYNAME_R 1
| #define HAVE_LINUX_GETPROTOBYNAME_R 1
| #define HAVE_ETHER_HOSTTON 1
| #define NETINET_ETHER_H_DECLARES_ETHER_HOSTTON /**/
| #define HAVE_DECL_ETHER_HOSTTON 1
| /* end confdefs.h.  */
| #include <stdio.h>
| #ifdef HAVE_SYS_TYPES_H
| # include <sys/types.h>
| #endif
| #ifdef HAVE_SYS_STAT_H
| # include <sys/stat.h>
| #endif
| #ifdef STDC_HEADERS
| # include <stdlib.h>
| # include <stddef.h>
| #else
| # ifdef HAVE_STDLIB_H
| #  include <stdlib.h>
| # endif
| #endif
| #ifdef HAVE_STRING_H
| # if !defined STDC_HEADERS && defined HAVE_MEMORY_H
| #  include <memory.h>
| # endif
| # include <string.h>
| #endif
| #ifdef HAVE_STRINGS_H
| # include <strings.h>
| #endif
| #ifdef HAVE_INTTYPES_H
| # include <inttypes.h>
| #endif
| #ifdef HAVE_STDINT_H
| # include <stdint.h>
| #endif
| #ifdef HAVE_UNISTD_H
| # include <unistd.h>
| #endif
| #include <net/enet.h>
configure:6190: result: no
configure:6190: checking net/enet.h presence
configure:6190: gcc -E  conftest.c
conftest.c:40:10: fatal error: net/enet.h: No such file or directory
   40 | #include <net/enet.h>
      |          ^~~~~~~~~~~~
compilation terminated.
configure:6190: $? = 1
configure: failed program was:
| /* confdefs.h */
| #define PACKAGE_NAME "pcap"
| #define PACKAGE_TARNAME "pcap"
| #define PACKAGE_VERSION "1.9.1"
| #define PACKAGE_STRING "pcap 1.9.1"
| #define PACKAGE_BUGREPORT ""
| #define PACKAGE_URL ""
| #define inline inline
| #define HAVE_FSEEKO 1
| #define STDC_HEADERS 1
| #define HAVE_SYS_TYPES_H 1
| #define HAVE_SYS_STAT_H 1
| #define HAVE_STDLIB_H 1
| #define HAVE_STRING_H 1
| #define HAVE_MEMORY_H 1
| #define HAVE_STRINGS_H 1
| #define HAVE_INTTYPES_H 1
| #define HAVE_STDINT_H 1
| #define HAVE_UNISTD_H 1
| #define HAVE_LIMITS_H 1
| #define HAVE_NETPACKET_PACKET_H 1
| #define HAVE_LINUX_SOCKIOS_H 1
| #define HAVE_LINUX_IF_BONDING_H 1
| #define HAVE_STRERROR 1
| #define HAVE_GNU_STRERROR_R /**/
| #define HAVE_VSYSLOG 1
| #define HAVE_VSNPRINTF 1
| #define HAVE_SNPRINTF 1
| #define HAVE_VASPRINTF 1
| #define HAVE_ASPRINTF 1
| #define HAVE_STRTOK_R 1
| #define HAVE_FFS 1
| #define STRINGS_H_DECLARES_FFS /**/
| #define HAVE_LINUX_GETNETBYNAME_R 1
| #define HAVE_LINUX_GETPROTOBYNAME_R 1
| #define HAVE_ETHER_HOSTTON 1
| #define NETINET_ETHER_H_DECLARES_ETHER_HOSTTON /**/
| #define HAVE_DECL_ETHER_HOSTTON 1
| /* end confdefs.h.  */
| #include <net/enet.h>
configure:6190: result: no
configure:6190: checking for net/enet.h
configure:6190: result: no
configure:6203: checking net/nit.h usability
configure:6203: gcc -c -g -O2  conftest.c >&5
conftest.c:73:10: fatal error: net/nit.h: No such file or directory
   73 | #include <net/nit.h>
      |          ^~~~~~~~~~~
compilation terminated.
configure:6203: $? = 1
configure: failed program was:
| /* confdefs.h */
| #define PACKAGE_NAME "pcap"
| #define PACKAGE_TARNAME "pcap"
| #define PACKAGE_VERSION "1.9.1"
| #define PACKAGE_STRING "pcap 1.9.1"
| #define PACKAGE_BUGREPORT ""
| #define PACKAGE_URL ""
| #define inline inline
| #define HAVE_FSEEKO 1
| #define STDC_HEADERS 1
| #define HAVE_SYS_TYPES_H 1
| #define HAVE_SYS_STAT_H 1
| #define HAVE_STDLIB_H 1
| #define HAVE_STRING_H 1
| #define HAVE_MEMORY_H 1
| #define HAVE_STRINGS_H 1
| #define HAVE_INTTYPES_H 1
| #define HAVE_STDINT_H 1
| #define HAVE_UNISTD_H 1
| #define HAVE_LIMITS_H 1
| #define HAVE_NETPACKET_PACKET_H 1
| #define HAVE_LINUX_SOCKIOS_H 1
| #define HAVE_LINUX_IF_BONDING_H 1
| #define HAVE_STRERROR 1
| #define HAVE_GNU_STRERROR_R /**/
| #define HAVE_VSYSLOG 1
| #define HAVE_VSNPRINTF 1
| #define HAVE_SNPRINTF 1
| #define HAVE_VASPRINTF 1
| #define HAVE_ASPRINTF 1
| #define HAVE_STRTOK_R 1
| #define HAVE_FFS 1
| #define STRINGS_H_DECLARES_FFS /**/
| #define HAVE_LINUX_GETNETBYNAME_R 1
| #define HAVE_LINUX_GETPROTOBYNAME_R 1
| #define HAVE_ETHER_HOSTTON 1
| #define NETINET_ETHER_H_DECLARES_ETHER_HOSTTON /**/
| #define HAVE_DECL_ETHER_HOSTTON 1
| /* end confdefs.h.  */
| #include <stdio.h>
| #ifdef HAVE_SYS_TYPES_H
| # include <sys/types.h>
| #endif
| #ifdef HAVE_SYS_STAT_H
| # include <sys/stat.h>
| #endif
| #ifdef STDC_HEADERS
| # include <stdlib.h>
| # include <stddef.h>
| #else
| # ifdef HAVE_STDLIB_H
| #  include <stdlib.h>
| # endif
| #endif
| #ifdef HAVE_STRING_H
| # if !defined STDC_HEADERS && defined HAVE_MEMORY_H
| #  include <memory.h>
| # endif
| # include <string.h>
| #endif
| #ifdef HAVE_STRINGS_H
| # include <strings.h>
| #endif
| #ifdef HAVE_INTTYPES_H
| # include <inttypes.h>
| #endif
| #ifdef HAVE_STDINT_H
| # include <stdint.h>
| #endif
| #ifdef HAVE_UNISTD_H
| # include <unistd.h>
| #endif
| #include <net/nit.h>
configure:6203: result: no
configure:6203: checking net/nit.h presence
configure:6203: gcc -E  conftest.c
conftest.c:40:10: fatal error: net/nit.h: No such file or directory
   40 | #include <net/nit.h>
      |          ^~~~~~~~~~~
compilation terminated.
configure:6203: $? = 1
configure: failed program was:
| /* confdefs.h */
| #define PACKAGE_NAME "pcap"
| #define PACKAGE_TARNAME "pcap"
| #define PACKAGE_VERSION "1.9.1"
| #define PACKAGE_STRING "pcap 1.9.1"
| #define PACKAGE_BUGREPORT ""
| #define PACKAGE_URL ""
| #define inline inline
| #define HAVE_FSEEKO 1
| #define STDC_HEADERS 1
| #define HAVE_SYS_TYPES_H 1
| #define HAVE_SYS_STAT_H 1
| #define HAVE_STDLIB_H 1
| #define HAVE_STRING_H 1
| #define HAVE_MEMORY_H 1
| #define HAVE_STRINGS_H 1
| #define HAVE_INTTYPES_H 1
| #define HAVE_STDINT_H 1
| #define HAVE_UNISTD_H 1
| #define HAVE_LIMITS_H 1
| #define HAVE_NETPACKET_PACKET_H 1
| #define HAVE_LINUX_SOCKIOS_H 1
| #define HAVE_LINUX_IF_BONDING_H 1
| #define HAVE_STRERROR 1
| #define HAVE_GNU_STRERROR_R /**/
| #define HAVE_VSYSLOG 1
| #define HAVE_VSNPRINTF 1
| #define HAVE_SNPRINTF 1
| #define HAVE_VASPRINTF 1
| #define HAVE_ASPRINTF 1
| #define HAVE_STRTOK_R 1
| #define HAVE_FFS 1
| #define STRINGS_H_DECLARES_FFS /**/
| #define HAVE_LINUX_GETNETBYNAME_R 1
| #define HAVE_LINUX_GETPROTOBYNAME_R 1
| #define HAVE_ETHER_HOSTTON 1
| #define NETINET_ETHER_H_DECLARES_ETHER_HOSTTON /**/
| #define HAVE_DECL_ETHER_HOSTTON 1
| /* end confdefs.h.  */
| #include <net/nit.h>
configure:6203: result: no
configure:6203: checking for net/nit.h
configure:6203: result: no
configure:6203: checking sys/net/nit.h usability
configure:6203: gcc -c -g -O2  conftest.c >&5
conftest.c:73:10: fatal error: sys/net/nit.h: No such file or directory
   73 | #include <sys/net/nit.h>
      |          ^~~~~~~~~~~~~~~
compilation terminated.
configure:6203: $? = 1
configure: failed program was:
| /* confdefs.h */
| #define PACKAGE_NAME "pcap"
| #define PACKAGE_TARNAME "pcap"
| #define PACKAGE_VERSION "1.9.1"
| #define PACKAGE_STRING "pcap 1.9.1"
| #define PACKAGE_BUGREPORT ""
| #define PACKAGE_URL ""
| #define inline inline
| #define HAVE_FSEEKO 1
| #define STDC_HEADERS 1
| #define HAVE_SYS_TYPES_H 1
| #define HAVE_SYS_STAT_H 1
| #define HAVE_STDLIB_H 1
| #define HAVE_STRING_H 1
| #define HAVE_MEMORY_H 1
| #define HAVE_STRINGS_H 1
| #define HAVE_INTTYPES_H 1
| #define HAVE_STDINT_H 1
| #define HAVE_UNISTD_H 1
| #define HAVE_LIMITS_H 1
| #define HAVE_NETPACKET_PACKET_H 1
| #define HAVE_LINUX_SOCKIOS_H 1
| #define HAVE_LINUX_IF_BONDING_H 1
| #define HAVE_STRERROR 1
| #define HAVE_GNU_STRERROR_R /**/
| #define HAVE_VSYSLOG 1
| #define HAVE_VSNPRINTF 1
| #define HAVE_SNPRINTF 1
| #define HAVE_VASPRINTF 1
| #define HAVE_ASPRINTF 1
| #define HAVE_STRTOK_R 1
| #define HAVE_FFS 1
| #define STRINGS_H_DECLARES_FFS /**/
| #define HAVE_LINUX_GETNETBYNAME_R 1
| #define HAVE_LINUX_GETPROTOBYNAME_R 1
| #define HAVE_ETHER_HOSTTON 1
| #define NETINET_ETHER_H_DECLARES_ETHER_HOSTTON /**/
| #define HAVE_DECL_ETHER_HOSTTON 1
| /* end confdefs.h.  */
| #include <stdio.h>
| #ifdef HAVE_SYS_TYPES_H
| # include <sys/types.h>
| #endif
| #ifdef HAVE_SYS_STAT_H
| # include <sys/stat.h>
| #endif
| #ifdef STDC_HEADERS
| # include <stdlib.h>
| # include <stddef.h>
| #else
| # ifdef HAVE_STDLIB_H
| #  include <stdlib.h>
| # endif
| #endif
| #ifdef HAVE_STRING_H
| # if !defined STDC_HEADERS && defined HAVE_MEMORY_H
| #  include <memory.h>
| # endif
| # include <string.h>
| #endif
| #ifdef HAVE_STRINGS_H
| # include <strings.h>
| #endif
| #ifdef HAVE_INTTYPES_H
| # include <inttypes.h>
| #endif
| #ifdef HAVE_STDINT_H
| # include <stdint.h>
| #endif
| #ifdef HAVE_UNISTD_H
| # include <unistd.h>
| #endif
| #include <sys/net/nit.h>
configure:6203: result: no
configure:6203: checking sys/net/nit.h presence
configure:6203: gcc -E  conftest.c
conftest.c:40:10: fatal error: sys/net/nit.h: No such file or directory
   40 | #include <sys/net/nit.h>
      |          ^~~~~~~~~~~~~~~
compilation terminated.
configure:6203: $? = 1
configure: failed program was:
| /* confdefs.h */
| #define PACKAGE_NAME "pcap"
| #define PACKAGE_TARNAME "pcap"
| #define PACKAGE_VERSION "1.9.1"
| #define PACKAGE_STRING "pcap 1.9.1"
| #define PACKAGE_BUGREPORT ""
| #define PACKAGE_URL ""
| #define inline inline
| #define HAVE_FSEEKO 1
| #define STDC_HEADERS 1
| #define HAVE_SYS_TYPES_H 1
| #define HAVE_SYS_STAT_H 1
| #define HAVE_STDLIB_H 1
| #define HAVE_STRING_H 1
| #define HAVE_MEMORY_H 1
| #define HAVE_STRINGS_H 1
| #define HAVE_INTTYPES_H 1
| #define HAVE_STDINT_H 1
| #define HAVE_UNISTD_H 1
| #define HAVE_LIMITS_H 1
| #define HAVE_NETPACKET_PACKET_H 1
| #define HAVE_LINUX_SOCKIOS_H 1
| #define HAVE_LINUX_IF_BONDING_H 1
| #define HAVE_STRERROR 1
| #define HAVE_GNU_STRERROR_R /**/
| #define HAVE_VSYSLOG 1
| #define HAVE_VSNPRINTF 1
| #define HAVE_SNPRINTF 1
| #define HAVE_VASPRINTF 1
| #define HAVE_ASPRINTF 1
| #define HAVE_STRTOK_R 1
| #define HAVE_FFS 1
| #define STRINGS_H_DECLARES_FFS /**/
| #define HAVE_LINUX_GETNETBYNAME_R 1
| #define HAVE_LINUX_GETPROTOBYNAME_R 1
| #define HAVE_ETHER_HOSTTON 1
| #define NETINET_ETHER_H_DECLARES_ETHER_HOSTTON /**/
| #define HAVE_DECL_ETHER_HOSTTON 1
| /* end confdefs.h.  */
| #include <sys/net/nit.h>
configure:6203: result: no
configure:6203: checking for sys/net/nit.h
configure:6203: result: no
configure:6216: checking linux/socket.h usability
configure:6216: gcc -c -g -O2  conftest.c >&5
configure:6216: $? = 0
configure:6216: result: yes
configure:6216: checking linux/socket.h presence
configure:6216: gcc -E  conftest.c
configure:6216: $? = 0
configure:6216: result: yes
configure:6216: checking for linux/socket.h
configure:6216: result: yes
configure:6216: checking net/raw.h usability
configure:6216: gcc -c -g -O2  conftest.c >&5
conftest.c:74:10: fatal error: net/raw.h: No such file or directory
   74 | #include <net/raw.h>
      |          ^~~~~~~~~~~
compilation terminated.
configure:6216: $? = 1
configure: failed program was:
| /* confdefs.h */
| #define PACKAGE_NAME "pcap"
| #define PACKAGE_TARNAME "pcap"
| #define PACKAGE_VERSION "1.9.1"
| #define PACKAGE_STRING "pcap 1.9.1"
| #define PACKAGE_BUGREPORT ""
| #define PACKAGE_URL ""
| #define inline inline
| #define HAVE_FSEEKO 1
| #define STDC_HEADERS 1
| #define HAVE_SYS_TYPES_H 1
| #define HAVE_SYS_STAT_H 1
| #define HAVE_STDLIB_H 1
| #define HAVE_STRING_H 1
| #define HAVE_MEMORY_H 1
| #define HAVE_STRINGS_H 1
| #define HAVE_INTTYPES_H 1
| #define HAVE_STDINT_H 1
| #define HAVE_UNISTD_H 1
| #define HAVE_LIMITS_H 1
| #define HAVE_NETPACKET_PACKET_H 1
| #define HAVE_LINUX_SOCKIOS_H 1
| #define HAVE_LINUX_IF_BONDING_H 1
| #define HAVE_STRERROR 1
| #define HAVE_GNU_STRERROR_R /**/
| #define HAVE_VSYSLOG 1
| #define HAVE_VSNPRINTF 1
| #define HAVE_SNPRINTF 1
| #define HAVE_VASPRINTF 1
| #define HAVE_ASPRINTF 1
| #define HAVE_STRTOK_R 1
| #define HAVE_FFS 1
| #define STRINGS_H_DECLARES_FFS /**/
| #define HAVE_LINUX_GETNETBYNAME_R 1
| #define HAVE_LINUX_GETPROTOBYNAME_R 1
| #define HAVE_ETHER_HOSTTON 1
| #define NETINET_ETHER_H_DECLARES_ETHER_HOSTTON /**/
| #define HAVE_DECL_ETHER_HOSTTON 1
| #define HAVE_LINUX_SOCKET_H 1
| /* end confdefs.h.  */
| #include <stdio.h>
| #ifdef HAVE_SYS_TYPES_H
| # include <sys/types.h>
| #endif
| #ifdef HAVE_SYS_STAT_H
| # include <sys/stat.h>
| #endif
| #ifdef STDC_HEADERS
| # include <stdlib.h>
| # include <stddef.h>
| #else
| # ifdef HAVE_STDLIB_H
| #  include <stdlib.h>
| # endif
| #endif
| #ifdef HAVE_STRING_H
| # if !defined STDC_HEADERS && defined HAVE_MEMORY_H
| #  include <memory.h>
| # endif
| # include <string.h>
| #endif
| #ifdef HAVE_STRINGS_H
| # include <strings.h>
| #endif
| #ifdef HAVE_INTTYPES_H
| # include <inttypes.h>
| #endif
| #ifdef HAVE_STDINT_H
| # include <stdint.h>
| #endif
| #ifdef HAVE_UNISTD_H
| # include <unistd.h>
| #endif
| #include <net/raw.h>
configure:6216: result: no
configure:6216: checking net/raw.h presence
configure:6216: gcc -E  conftest.c
conftest.c:41:10: fatal error: net/raw.h: No such file or directory
   41 | #include <net/raw.h>
      |          ^~~~~~~~~~~
compilation terminated.
configure:6216: $? = 1
configure: failed program was:
| /* confdefs.h */
| #define PACKAGE_NAME "pcap"
| #define PACKAGE_TARNAME "pcap"
| #define PACKAGE_VERSION "1.9.1"
| #define PACKAGE_STRING "pcap 1.9.1"
| #define PACKAGE_BUGREPORT ""
| #define PACKAGE_URL ""
| #define inline inline
| #define HAVE_FSEEKO 1
| #define STDC_HEADERS 1
| #define HAVE_SYS_TYPES_H 1
| #define HAVE_SYS_STAT_H 1
| #define HAVE_STDLIB_H 1
| #define HAVE_STRING_H 1
| #define HAVE_MEMORY_H 1
| #define HAVE_STRINGS_H 1
| #define HAVE_INTTYPES_H 1
| #define HAVE_STDINT_H 1
| #define HAVE_UNISTD_H 1
| #define HAVE_LIMITS_H 1
| #define HAVE_NETPACKET_PACKET_H 1
| #define HAVE_LINUX_SOCKIOS_H 1
| #define HAVE_LINUX_IF_BONDING_H 1
| #define HAVE_STRERROR 1
| #define HAVE_GNU_STRERROR_R /**/
| #define HAVE_VSYSLOG 1
| #define HAVE_VSNPRINTF 1
| #define HAVE_SNPRINTF 1
| #define HAVE_VASPRINTF 1
| #define HAVE_ASPRINTF 1
| #define HAVE_STRTOK_R 1
| #define HAVE_FFS 1
| #define STRINGS_H_DECLARES_FFS /**/
| #define HAVE_LINUX_GETNETBYNAME_R 1
| #define HAVE_LINUX_GETPROTOBYNAME_R 1
| #define HAVE_ETHER_HOSTTON 1
| #define NETINET_ETHER_H_DECLARES_ETHER_HOSTTON /**/
| #define HAVE_DECL_ETHER_HOSTTON 1
| #define HAVE_LINUX_SOCKET_H 1
| /* end confdefs.h.  */
| #include <net/raw.h>
configure:6216: result: no
configure:6216: checking for net/raw.h
configure:6216: result: no
configure:6216: checking sys/dlpi.h usability
configure:6216: gcc -c -g -O2  conftest.c >&5
conftest.c:74:10: fatal error: sys/dlpi.h: No such file or directory
   74 | #include <sys/dlpi.h>
      |          ^~~~~~~~~~~~
compilation terminated.
configure:6216: $? = 1
configure: failed program was:
| /* confdefs.h */
| #define PACKAGE_NAME "pcap"
| #define PACKAGE_TARNAME "pcap"
| #define PACKAGE_VERSION "1.9.1"
| #define PACKAGE_STRING "pcap 1.9.1"
| #define PACKAGE_BUGREPORT ""
| #define PACKAGE_URL ""
| #define inline inline
| #define HAVE_FSEEKO 1
| #define STDC_HEADERS 1
| #define HAVE_SYS_TYPES_H 1
| #define HAVE_SYS_STAT_H 1
| #define HAVE_STDLIB_H 1
| #define HAVE_STRING_H 1
| #define HAVE_MEMORY_H 1
| #define HAVE_STRINGS_H 1
| #define HAVE_INTTYPES_H 1
| #define HAVE_STDINT_H 1
| #define HAVE_UNISTD_H 1
| #define HAVE_LIMITS_H 1
| #define HAVE_NETPACKET_PACKET_H 1
| #define HAVE_LINUX_SOCKIOS_H 1
| #define HAVE_LINUX_IF_BONDING_H 1
| #define HAVE_STRERROR 1
| #define HAVE_GNU_STRERROR_R /**/
| #define HAVE_VSYSLOG 1
| #define HAVE_VSNPRINTF 1
| #define HAVE_SNPRINTF 1
| #define HAVE_VASPRINTF 1
| #define HAVE_ASPRINTF 1
| #define HAVE_STRTOK_R 1
| #define HAVE_FFS 1
| #define STRINGS_H_DECLARES_FFS /**/
| #define HAVE_LINUX_GETNETBYNAME_R 1
| #define HAVE_LINUX_GETPROTOBYNAME_R 1
| #define HAVE_ETHER_HOSTTON 1
| #define NETINET_ETHER_H_DECLARES_ETHER_HOSTTON /**/
| #define HAVE_DECL_ETHER_HOSTTON 1
| #define HAVE_LINUX_SOCKET_H 1
| /* end confdefs.h.  */
| #include <stdio.h>
| #ifdef HAVE_SYS_TYPES_H
| # include <sys/types.h>
| #endif
| #ifdef HAVE_SYS_STAT_H
| # include <sys/stat.h>
| #endif
| #ifdef STDC_HEADERS
| # include <stdlib.h>
| # include <stddef.h>
| #else
| # ifdef HAVE_STDLIB_H
| #  include <stdlib.h>
| # endif
| #endif
| #ifdef HAVE_STRING_H
| # if !defined STDC_HEADERS && defined HAVE_MEMORY_H
| #  include <memory.h>
| # endif
| # include <string.h>
| #endif
| #ifdef HAVE_STRINGS_H
| # include <strings.h>
| #endif
| #ifdef HAVE_INTTYPES_H
| # include <inttypes.h>
| #endif
| #ifdef HAVE_STDINT_H
| # include <stdint.h>
| #endif
| #ifdef HAVE_UNISTD_H
| # include <unistd.h>
| #endif
| #include <sys/dlpi.h>
configure:6216: result: no
configure:6216: checking sys/dlpi.h presence
configure:6216: gcc -E  conftest.c
conftest.c:41:10: fatal error: sys/dlpi.h: No such file or directory
   41 | #include <sys/dlpi.h>
      |          ^~~~~~~~~~~~
compilation terminated.
configure:6216: $? = 1
configure: failed program was:
| /* confdefs.h */
| #define PACKAGE_NAME "pcap"
| #define PACKAGE_TARNAME "pcap"
| #define PACKAGE_VERSION "1.9.1"
| #define PACKAGE_STRING "pcap 1.9.1"
| #define PACKAGE_BUGREPORT ""
| #define PACKAGE_URL ""
| #define inline inline
| #define HAVE_FSEEKO 1
| #define STDC_HEADERS 1
| #define HAVE_SYS_TYPES_H 1
| #define HAVE_SYS_STAT_H 1
| #define HAVE_STDLIB_H 1
| #define HAVE_STRING_H 1
| #define HAVE_MEMORY_H 1
| #define HAVE_STRINGS_H 1
| #define HAVE_INTTYPES_H 1
| #define HAVE_STDINT_H 1
| #define HAVE_UNISTD_H 1
| #define HAVE_LIMITS_H 1
| #define HAVE_NETPACKET_PACKET_H 1
| #define HAVE_LINUX_SOCKIOS_H 1
| #define HAVE_LINUX_IF_BONDING_H 1
| #define HAVE_STRERROR 1
| #define HAVE_GNU_STRERROR_R /**/
| #define HAVE_VSYSLOG 1
| #define HAVE_VSNPRINTF 1
| #define HAVE_SNPRINTF 1
| #define HAVE_VASPRINTF 1
| #define HAVE_ASPRINTF 1
| #define HAVE_STRTOK_R 1
| #define HAVE_FFS 1
| #define STRINGS_H_DECLARES_FFS /**/
| #define HAVE_LINUX_GETNETBYNAME_R 1
| #define HAVE_LINUX_GETPROTOBYNAME_R 1
| #define HAVE_ETHER_HOSTTON 1
| #define NETINET_ETHER_H_DECLARES_ETHER_HOSTTON /**/
| #define HAVE_DECL_ETHER_HOSTTON 1
| #define HAVE_LINUX_SOCKET_H 1
| /* end confdefs.h.  */
| #include <sys/dlpi.h>
configure:6216: result: no
configure:6216: checking for sys/dlpi.h
configure:6216: result: no
configure:6298: checking packet capture type
configure:6300: result: linux
configure:6460: checking for linux/wireless.h
configure:6460: gcc -c -g -O2  conftest.c >&5
configure:6460: $? = 0
configure:6460: result: yes
configure:6509: checking for nl_socket_alloc in -lnl-3
configure:6534: gcc -o conftest -g -O2   conftest.c -lnl-3 -I/usr/include/libnl3  -lnl-genl-3 -lnl-3   >&5
/usr/bin/ld: cannot find -lnl-3
/usr/bin/ld: cannot find -lnl-genl-3
/usr/bin/ld: cannot find -lnl-3
collect2: error: ld returned 1 exit status
configure:6534: $? = 1
configure: failed program was:
| /* confdefs.h */
| #define PACKAGE_NAME "pcap"
| #define PACKAGE_TARNAME "pcap"
| #define PACKAGE_VERSION "1.9.1"
| #define PACKAGE_STRING "pcap 1.9.1"
| #define PACKAGE_BUGREPORT ""
| #define PACKAGE_URL ""
| #define inline inline
| #define HAVE_FSEEKO 1
| #define STDC_HEADERS 1
| #define HAVE_SYS_TYPES_H 1
| #define HAVE_SYS_STAT_H 1
| #define HAVE_STDLIB_H 1
| #define HAVE_STRING_H 1
| #define HAVE_MEMORY_H 1
| #define HAVE_STRINGS_H 1
| #define HAVE_INTTYPES_H 1
| #define HAVE_STDINT_H 1
| #define HAVE_UNISTD_H 1
| #define HAVE_LIMITS_H 1
| #define HAVE_NETPACKET_PACKET_H 1
| #define HAVE_LINUX_SOCKIOS_H 1
| #define HAVE_LINUX_IF_BONDING_H 1
| #define HAVE_STRERROR 1
| #define HAVE_GNU_STRERROR_R /**/
| #define HAVE_VSYSLOG 1
| #define HAVE_VSNPRINTF 1
| #define HAVE_SNPRINTF 1
| #define HAVE_VASPRINTF 1
| #define HAVE_ASPRINTF 1
| #define HAVE_STRTOK_R 1
| #define HAVE_FFS 1
| #define STRINGS_H_DECLARES_FFS /**/
| #define HAVE_LINUX_GETNETBYNAME_R 1
| #define HAVE_LINUX_GETPROTOBYNAME_R 1
| #define HAVE_ETHER_HOSTTON 1
| #define NETINET_ETHER_H_DECLARES_ETHER_HOSTTON /**/
| #define HAVE_DECL_ETHER_HOSTTON 1
| #define HAVE_LINUX_SOCKET_H 1
| #define HAVE_LINUX_WIRELESS_H 1
| /* end confdefs.h.  */
| 
| /* Override any GCC internal prototype to avoid an error.
|    Use char because int might match the return type of a GCC
|    builtin and then its argument prototype would still apply.  */
| #ifdef __cplusplus
| extern "C"
| #endif
| char nl_socket_alloc ();
| int
| main ()
| {
| return nl_socket_alloc ();
|   ;
|   return 0;
| }
configure:6543: result: no
configure:6573: checking for nl_socket_alloc in -lnl
configure:6598: gcc -o conftest -g -O2   conftest.c -lnl   >&5
/usr/bin/ld: cannot find -lnl
collect2: error: ld returned 1 exit status
configure:6598: $? = 1
configure: failed program was:
| /* confdefs.h */
| #define PACKAGE_NAME "pcap"
| #define PACKAGE_TARNAME "pcap"
| #define PACKAGE_VERSION "1.9.1"
| #define PACKAGE_STRING "pcap 1.9.1"
| #define PACKAGE_BUGREPORT ""
| #define PACKAGE_URL ""
| #define inline inline
| #define HAVE_FSEEKO 1
| #define STDC_HEADERS 1
| #define HAVE_SYS_TYPES_H 1
| #define HAVE_SYS_STAT_H 1
| #define HAVE_STDLIB_H 1
| #define HAVE_STRING_H 1
| #define HAVE_MEMORY_H 1
| #define HAVE_STRINGS_H 1
| #define HAVE_INTTYPES_H 1
| #define HAVE_STDINT_H 1
| #define HAVE_UNISTD_H 1
| #define HAVE_LIMITS_H 1
| #define HAVE_NETPACKET_PACKET_H 1
| #define HAVE_LINUX_SOCKIOS_H 1
| #define HAVE_LINUX_IF_BONDING_H 1
| #define HAVE_STRERROR 1
| #define HAVE_GNU_STRERROR_R /**/
| #define HAVE_VSYSLOG 1
| #define HAVE_VSNPRINTF 1
| #define HAVE_SNPRINTF 1
| #define HAVE_VASPRINTF 1
| #define HAVE_ASPRINTF 1
| #define HAVE_STRTOK_R 1
| #define HAVE_FFS 1
| #define STRINGS_H_DECLARES_FFS /**/
| #define HAVE_LINUX_GETNETBYNAME_R 1
| #define HAVE_LINUX_GETPROTOBYNAME_R 1
| #define HAVE_ETHER_HOSTTON 1
| #define NETINET_ETHER_H_DECLARES_ETHER_HOSTTON /**/
| #define HAVE_DECL_ETHER_HOSTTON 1
| #define HAVE_LINUX_SOCKET_H 1
| #define HAVE_LINUX_WIRELESS_H 1
| /* end confdefs.h.  */
| 
| /* Override any GCC internal prototype to avoid an error.
|    Use char because int might match the return type of a GCC
|    builtin and then its argument prototype would still apply.  */
| #ifdef __cplusplus
| extern "C"
| #endif
| char nl_socket_alloc ();
| int
| main ()
| {
| return nl_socket_alloc ();
|   ;
|   return 0;
| }
configure:6607: result: no
configure:6637: checking for nl_handle_alloc in -lnl
configure:6662: gcc -o conftest -g -O2   conftest.c -lnl   >&5
/usr/bin/ld: cannot find -lnl
collect2: error: ld returned 1 exit status
configure:6662: $? = 1
configure: failed program was:
| /* confdefs.h */
| #define PACKAGE_NAME "pcap"
| #define PACKAGE_TARNAME "pcap"
| #define PACKAGE_VERSION "1.9.1"
| #define PACKAGE_STRING "pcap 1.9.1"
| #define PACKAGE_BUGREPORT ""
| #define PACKAGE_URL ""
| #define inline inline
| #define HAVE_FSEEKO 1
| #define STDC_HEADERS 1
| #define HAVE_SYS_TYPES_H 1
| #define HAVE_SYS_STAT_H 1
| #define HAVE_STDLIB_H 1
| #define HAVE_STRING_H 1
| #define HAVE_MEMORY_H 1
| #define HAVE_STRINGS_H 1
| #define HAVE_INTTYPES_H 1
| #define HAVE_STDINT_H 1
| #define HAVE_UNISTD_H 1
| #define HAVE_LIMITS_H 1
| #define HAVE_NETPACKET_PACKET_H 1
| #define HAVE_LINUX_SOCKIOS_H 1
| #define HAVE_LINUX_IF_BONDING_H 1
| #define HAVE_STRERROR 1
| #define HAVE_GNU_STRERROR_R /**/
| #define HAVE_VSYSLOG 1
| #define HAVE_VSNPRINTF 1
| #define HAVE_SNPRINTF 1
| #define HAVE_VASPRINTF 1
| #define HAVE_ASPRINTF 1
| #define HAVE_STRTOK_R 1
| #define HAVE_FFS 1
| #define STRINGS_H_DECLARES_FFS /**/
| #define HAVE_LINUX_GETNETBYNAME_R 1
| #define HAVE_LINUX_GETPROTOBYNAME_R 1
| #define HAVE_ETHER_HOSTTON 1
| #define NETINET_ETHER_H_DECLARES_ETHER_HOSTTON /**/
| #define HAVE_DECL_ETHER_HOSTTON 1
| #define HAVE_LINUX_SOCKET_H 1
| #define HAVE_LINUX_WIRELESS_H 1
| /* end confdefs.h.  */
| 
| /* Override any GCC internal prototype to avoid an error.
|    Use char because int might match the return type of a GCC
|    builtin and then its argument prototype would still apply.  */
| #ifdef __cplusplus
| extern "C"
| #endif
| char nl_handle_alloc ();
| int
| main ()
| {
| return nl_handle_alloc ();
|   ;
|   return 0;
| }
configure:6671: result: no
configure:6700: checking for linux/ethtool.h
configure:6700: gcc -c -g -O2  conftest.c >&5
configure:6700: $? = 0
configure:6700: result: yes
configure:6722: checking for struct tpacket_stats
configure:6722: gcc -c -g -O2  conftest.c >&5
configure:6722: $? = 0
configure:6722: gcc -c -g -O2  conftest.c >&5
conftest.c: In function 'main':
conftest.c:50:35: error: expected expression before ')' token
   50 | if (sizeof ((struct tpacket_stats)))
      |                                   ^
configure:6722: $? = 1
configure: failed program was:
| /* confdefs.h */
| #define PACKAGE_NAME "pcap"
| #define PACKAGE_TARNAME "pcap"
| #define PACKAGE_VERSION "1.9.1"
| #define PACKAGE_STRING "pcap 1.9.1"
| #define PACKAGE_BUGREPORT ""
| #define PACKAGE_URL ""
| #define inline inline
| #define HAVE_FSEEKO 1
| #define STDC_HEADERS 1
| #define HAVE_SYS_TYPES_H 1
| #define HAVE_SYS_STAT_H 1
| #define HAVE_STDLIB_H 1
| #define HAVE_STRING_H 1
| #define HAVE_MEMORY_H 1
| #define HAVE_STRINGS_H 1
| #define HAVE_INTTYPES_H 1
| #define HAVE_STDINT_H 1
| #define HAVE_UNISTD_H 1
| #define HAVE_LIMITS_H 1
| #define HAVE_NETPACKET_PACKET_H 1
| #define HAVE_LINUX_SOCKIOS_H 1
| #define HAVE_LINUX_IF_BONDING_H 1
| #define HAVE_STRERROR 1
| #define HAVE_GNU_STRERROR_R /**/
| #define HAVE_VSYSLOG 1
| #define HAVE_VSNPRINTF 1
| #define HAVE_SNPRINTF 1
| #define HAVE_VASPRINTF 1
| #define HAVE_ASPRINTF 1
| #define HAVE_STRTOK_R 1
| #define HAVE_FFS 1
| #define STRINGS_H_DECLARES_FFS /**/
| #define HAVE_LINUX_GETNETBYNAME_R 1
| #define HAVE_LINUX_GETPROTOBYNAME_R 1
| #define HAVE_ETHER_HOSTTON 1
| #define NETINET_ETHER_H_DECLARES_ETHER_HOSTTON /**/
| #define HAVE_DECL_ETHER_HOSTTON 1
| #define HAVE_LINUX_SOCKET_H 1
| #define HAVE_LINUX_WIRELESS_H 1
| #define HAVE_LINUX_ETHTOOL_H 1
| /* end confdefs.h.  */
| 
| 		#include <linux/if_packet.h>
| 
| 
| int
| main ()
| {
| if (sizeof ((struct tpacket_stats)))
| 	    return 0;
|   ;
|   return 0;
| }
configure:6722: result: yes
configure:6744: checking for struct tpacket_auxdata.tp_vlan_tci
configure:6744: gcc -c -g -O2  conftest.c >&5
configure:6744: $? = 0
configure:6744: result: yes
configure:6837: checking for getifaddrs
configure:6837: gcc -o conftest -g -O2   conftest.c  >&5
configure:6837: $? = 0
configure:6837: result: yes
configure:6844: checking ifaddrs.h usability
configure:6844: gcc -c -g -O2  conftest.c >&5
configure:6844: $? = 0
configure:6844: result: yes
configure:6844: checking ifaddrs.h presence
configure:6844: gcc -E  conftest.c
configure:6844: $? = 0
configure:6844: result: yes
configure:6844: checking for ifaddrs.h
configure:6844: result: yes
configure:6936: checking linux/net_tstamp.h usability
configure:6936: gcc -c -g -O2  conftest.c >&5
configure:6936: $? = 0
configure:6936: result: yes
configure:6936: checking linux/net_tstamp.h presence
configure:6936: gcc -E  conftest.c
configure:6936: $? = 0
configure:6936: result: yes
configure:6936: checking for linux/net_tstamp.h
configure:6936: result: yes
configure:6971: checking for socklen_t
configure:6971: gcc -c -g -O2  conftest.c >&5
configure:6971: $? = 0
configure:6971: gcc -c -g -O2  conftest.c >&5
conftest.c: In function 'main':
conftest.c:55:24: error: expected expression before ')' token
   55 | if (sizeof ((socklen_t)))
      |                        ^
configure:6971: $? = 1
configure: failed program was:
| /* confdefs.h */
| #define PACKAGE_NAME "pcap"
| #define PACKAGE_TARNAME "pcap"
| #define PACKAGE_VERSION "1.9.1"
| #define PACKAGE_STRING "pcap 1.9.1"
| #define PACKAGE_BUGREPORT ""
| #define PACKAGE_URL ""
| #define inline inline
| #define HAVE_FSEEKO 1
| #define STDC_HEADERS 1
| #define HAVE_SYS_TYPES_H 1
| #define HAVE_SYS_STAT_H 1
| #define HAVE_STDLIB_H 1
| #define HAVE_STRING_H 1
| #define HAVE_MEMORY_H 1
| #define HAVE_STRINGS_H 1
| #define HAVE_INTTYPES_H 1
| #define HAVE_STDINT_H 1
| #define HAVE_UNISTD_H 1
| #define HAVE_LIMITS_H 1
| #define HAVE_NETPACKET_PACKET_H 1
| #define HAVE_LINUX_SOCKIOS_H 1
| #define HAVE_LINUX_IF_BONDING_H 1
| #define HAVE_STRERROR 1
| #define HAVE_GNU_STRERROR_R /**/
| #define HAVE_VSYSLOG 1
| #define HAVE_VSNPRINTF 1
| #define HAVE_SNPRINTF 1
| #define HAVE_VASPRINTF 1
| #define HAVE_ASPRINTF 1
| #define HAVE_STRTOK_R 1
| #define HAVE_FFS 1
| #define STRINGS_H_DECLARES_FFS /**/
| #define HAVE_LINUX_GETNETBYNAME_R 1
| #define HAVE_LINUX_GETPROTOBYNAME_R 1
| #define HAVE_ETHER_HOSTTON 1
| #define NETINET_ETHER_H_DECLARES_ETHER_HOSTTON /**/
| #define HAVE_DECL_ETHER_HOSTTON 1
| #define HAVE_LINUX_SOCKET_H 1
| #define HAVE_LINUX_WIRELESS_H 1
| #define HAVE_LINUX_ETHTOOL_H 1
| #define HAVE_STRUCT_TPACKET_STATS 1
| #define HAVE_STRUCT_TPACKET_AUXDATA_TP_VLAN_TCI 1
| #define HAVE_LINUX_NET_TSTAMP_H 1
| #define PCAP_SUPPORT_PACKET_RING 1
| /* end confdefs.h.  */
| 
| 	#include <sys/types.h>
| 	#include <sys/socket.h>
| 
| 
| int
| main ()
| {
| if (sizeof ((socklen_t)))
| 	    return 0;
|   ;
|   return 0;
| }
configure:6971: result: yes
configure:7083: checking dagapi.h usability
configure:7083: gcc -c -g -O2  conftest.c >&5
conftest.c:82:10: fatal error: dagapi.h: No such file or directory
   82 | #include <dagapi.h>
      |          ^~~~~~~~~~
compilation terminated.
configure:7083: $? = 1
configure: failed program was:
| /* confdefs.h */
| #define PACKAGE_NAME "pcap"
| #define PACKAGE_TARNAME "pcap"
| #define PACKAGE_VERSION "1.9.1"
| #define PACKAGE_STRING "pcap 1.9.1"
| #define PACKAGE_BUGREPORT ""
| #define PACKAGE_URL ""
| #define inline inline
| #define HAVE_FSEEKO 1
| #define STDC_HEADERS 1
| #define HAVE_SYS_TYPES_H 1
| #define HAVE_SYS_STAT_H 1
| #define HAVE_STDLIB_H 1
| #define HAVE_STRING_H 1
| #define HAVE_MEMORY_H 1
| #define HAVE_STRINGS_H 1
| #define HAVE_INTTYPES_H 1
| #define HAVE_STDINT_H 1
| #define HAVE_UNISTD_H 1
| #define HAVE_LIMITS_H 1
| #define HAVE_NETPACKET_PACKET_H 1
| #define HAVE_LINUX_SOCKIOS_H 1
| #define HAVE_LINUX_IF_BONDING_H 1
| #define HAVE_STRERROR 1
| #define HAVE_GNU_STRERROR_R /**/
| #define HAVE_VSYSLOG 1
| #define HAVE_VSNPRINTF 1
| #define HAVE_SNPRINTF 1
| #define HAVE_VASPRINTF 1
| #define HAVE_ASPRINTF 1
| #define HAVE_STRTOK_R 1
| #define HAVE_FFS 1
| #define STRINGS_H_DECLARES_FFS /**/
| #define HAVE_LINUX_GETNETBYNAME_R 1
| #define HAVE_LINUX_GETPROTOBYNAME_R 1
| #define HAVE_ETHER_HOSTTON 1
| #define NETINET_ETHER_H_DECLARES_ETHER_HOSTTON /**/
| #define HAVE_DECL_ETHER_HOSTTON 1
| #define HAVE_LINUX_SOCKET_H 1
| #define HAVE_LINUX_WIRELESS_H 1
| #define HAVE_LINUX_ETHTOOL_H 1
| #define HAVE_STRUCT_TPACKET_STATS 1
| #define HAVE_STRUCT_TPACKET_AUXDATA_TP_VLAN_TCI 1
| #define HAVE_LINUX_NET_TSTAMP_H 1
| #define PCAP_SUPPORT_PACKET_RING 1
| #define HAVE_SOCKLEN_T 1
| #define INET6 1
| /* end confdefs.h.  */
| #include <stdio.h>
| #ifdef HAVE_SYS_TYPES_H
| # include <sys/types.h>
| #endif
| #ifdef HAVE_SYS_STAT_H
| # include <sys/stat.h>
| #endif
| #ifdef STDC_HEADERS
| # include <stdlib.h>
| # include <stddef.h>
| #else
| # ifdef HAVE_STDLIB_H
| #  include <stdlib.h>
| # endif
| #endif
| #ifdef HAVE_STRING_H
| # if !defined STDC_HEADERS && defined HAVE_MEMORY_H
| #  include <memory.h>
| # endif
| # include <string.h>
| #endif
| #ifdef HAVE_STRINGS_H
| # include <strings.h>
| #endif
| #ifdef HAVE_INTTYPES_H
| # include <inttypes.h>
| #endif
| #ifdef HAVE_STDINT_H
| # include <stdint.h>
| #endif
| #ifdef HAVE_UNISTD_H
| # include <unistd.h>
| #endif
| #include <dagapi.h>
configure:7083: result: no
configure:7083: checking dagapi.h presence
configure:7083: gcc -E  conftest.c
conftest.c:49:10: fatal error: dagapi.h: No such file or directory
   49 | #include <dagapi.h>
      |          ^~~~~~~~~~
compilation terminated.
configure:7083: $? = 1
configure: failed program was:
| /* confdefs.h */
| #define PACKAGE_NAME "pcap"
| #define PACKAGE_TARNAME "pcap"
| #define PACKAGE_VERSION "1.9.1"
| #define PACKAGE_STRING "pcap 1.9.1"
| #define PACKAGE_BUGREPORT ""
| #define PACKAGE_URL ""
| #define inline inline
| #define HAVE_FSEEKO 1
| #define STDC_HEADERS 1
| #define HAVE_SYS_TYPES_H 1
| #define HAVE_SYS_STAT_H 1
| #define HAVE_STDLIB_H 1
| #define HAVE_STRING_H 1
| #define HAVE_MEMORY_H 1
| #define HAVE_STRINGS_H 1
| #define HAVE_INTTYPES_H 1
| #define HAVE_STDINT_H 1
| #define HAVE_UNISTD_H 1
| #define HAVE_LIMITS_H 1
| #define HAVE_NETPACKET_PACKET_H 1
| #define HAVE_LINUX_SOCKIOS_H 1
| #define HAVE_LINUX_IF_BONDING_H 1
| #define HAVE_STRERROR 1
| #define HAVE_GNU_STRERROR_R /**/
| #define HAVE_VSYSLOG 1
| #define HAVE_VSNPRINTF 1
| #define HAVE_SNPRINTF 1
| #define HAVE_VASPRINTF 1
| #define HAVE_ASPRINTF 1
| #define HAVE_STRTOK_R 1
| #define HAVE_FFS 1
| #define STRINGS_H_DECLARES_FFS /**/
| #define HAVE_LINUX_GETNETBYNAME_R 1
| #define HAVE_LINUX_GETPROTOBYNAME_R 1
| #define HAVE_ETHER_HOSTTON 1
| #define NETINET_ETHER_H_DECLARES_ETHER_HOSTTON /**/
| #define HAVE_DECL_ETHER_HOSTTON 1
| #define HAVE_LINUX_SOCKET_H 1
| #define HAVE_LINUX_WIRELESS_H 1
| #define HAVE_LINUX_ETHTOOL_H 1
| #define HAVE_STRUCT_TPACKET_STATS 1
| #define HAVE_STRUCT_TPACKET_AUXDATA_TP_VLAN_TCI 1
| #define HAVE_LINUX_NET_TSTAMP_H 1
| #define PCAP_SUPPORT_PACKET_RING 1
| #define HAVE_SOCKLEN_T 1
| #define INET6 1
| /* end confdefs.h.  */
| #include <dagapi.h>
configure:7083: result: no
configure:7083: checking for dagapi.h
configure:7083: result: no
configure:7405: checking whether we have Septel API headers
configure:7436: result: no
configure:7516: checking whether we have Myricom Sniffer API
configure:7598: result: no
configure:7651: checking whether TurboCap is supported
configure:7679: gcc -c -g -O2  conftest.c >&5
conftest.c:50:15: fatal error: TcApi.h: No such file or directory
   50 |      #include <TcApi.h>
      |               ^~~~~~~~~
compilation terminated.
configure:7679: $? = 1
configure: failed program was:
| /* confdefs.h */
| #define PACKAGE_NAME "pcap"
| #define PACKAGE_TARNAME "pcap"
| #define PACKAGE_VERSION "1.9.1"
| #define PACKAGE_STRING "pcap 1.9.1"
| #define PACKAGE_BUGREPORT ""
| #define PACKAGE_URL ""
| #define inline inline
| #define HAVE_FSEEKO 1
| #define STDC_HEADERS 1
| #define HAVE_SYS_TYPES_H 1
| #define HAVE_SYS_STAT_H 1
| #define HAVE_STDLIB_H 1
| #define HAVE_STRING_H 1
| #define HAVE_MEMORY_H 1
| #define HAVE_STRINGS_H 1
| #define HAVE_INTTYPES_H 1
| #define HAVE_STDINT_H 1
| #define HAVE_UNISTD_H 1
| #define HAVE_LIMITS_H 1
| #define HAVE_NETPACKET_PACKET_H 1
| #define HAVE_LINUX_SOCKIOS_H 1
| #define HAVE_LINUX_IF_BONDING_H 1
| #define HAVE_STRERROR 1
| #define HAVE_GNU_STRERROR_R /**/
| #define HAVE_VSYSLOG 1
| #define HAVE_VSNPRINTF 1
| #define HAVE_SNPRINTF 1
| #define HAVE_VASPRINTF 1
| #define HAVE_ASPRINTF 1
| #define HAVE_STRTOK_R 1
| #define HAVE_FFS 1
| #define STRINGS_H_DECLARES_FFS /**/
| #define HAVE_LINUX_GETNETBYNAME_R 1
| #define HAVE_LINUX_GETPROTOBYNAME_R 1
| #define HAVE_ETHER_HOSTTON 1
| #define NETINET_ETHER_H_DECLARES_ETHER_HOSTTON /**/
| #define HAVE_DECL_ETHER_HOSTTON 1
| #define HAVE_LINUX_SOCKET_H 1
| #define HAVE_LINUX_WIRELESS_H 1
| #define HAVE_LINUX_ETHTOOL_H 1
| #define HAVE_STRUCT_TPACKET_STATS 1
| #define HAVE_STRUCT_TPACKET_AUXDATA_TP_VLAN_TCI 1
| #define HAVE_LINUX_NET_TSTAMP_H 1
| #define PCAP_SUPPORT_PACKET_RING 1
| #define HAVE_SOCKLEN_T 1
| #define INET6 1
| /* end confdefs.h.  */
| 
| 	    #include <TcApi.h>
| 
| int
| main ()
| {
| 
| 	    TC_INSTANCE a; TC_PORT b; TC_BOARD c;
| 	    TC_INSTANCE i;
| 	    (void)TcInstanceCreateByName("foo", &i);
| 
|   ;
|   return 0;
| }
configure:7697: result: no
configure:7707: checking whether to enable remote packet capture
configure:7848: result: no
configure:7853: checking whether to build optimizer debugging code
configure:7865: result: no
configure:7868: checking whether to build parser debugging code
configure:7880: result: no
configure:7890: checking for flex
configure:7920: result: no
configure:7890: checking for lex
configure:7920: result: no
configure:8046: error: Neither flex nor lex was found.

## ---------------- ##
## Cache variables. ##
## ---------------- ##

ac_cv_build=x86_64-pc-linux-gnu
ac_cv_c_compiler_gnu=yes
ac_cv_env_CC_set=
ac_cv_env_CC_value=
ac_cv_env_CFLAGS_set=
ac_cv_env_CFLAGS_value=
ac_cv_env_CPPFLAGS_set=
ac_cv_env_CPPFLAGS_value=
ac_cv_env_CPP_set=
ac_cv_env_CPP_value=
ac_cv_env_LDFLAGS_set=
ac_cv_env_LDFLAGS_value=
ac_cv_env_LIBS_set=
ac_cv_env_LIBS_value=
ac_cv_env_YACC_set=
ac_cv_env_YACC_value=
ac_cv_env_YFLAGS_set=
ac_cv_env_YFLAGS_value=
ac_cv_env_build_alias_set=
ac_cv_env_build_alias_value=
ac_cv_env_host_alias_set=
ac_cv_env_host_alias_value=
ac_cv_env_target_alias_set=
ac_cv_env_target_alias_value=
ac_cv_func_asprintf=yes
ac_cv_func_ether_hostton=yes
ac_cv_func_ffs=yes
ac_cv_func_getaddrinfo=yes
ac_cv_func_getifaddrs=yes
ac_cv_func_pthread_create=no
ac_cv_func_snprintf=yes
ac_cv_func_strerror=yes
ac_cv_func_strerror_r=yes
ac_cv_func_strlcat=no
ac_cv_func_strlcpy=no
ac_cv_func_strtok_r=yes
ac_cv_func_vasprintf=yes
ac_cv_func_vsnprintf=yes
ac_cv_func_vsyslog=yes
ac_cv_have_decl_ether_hostton=yes
ac_cv_have_decl_ffs=yes
ac_cv_have_decl_getnetbyname_r=yes
ac_cv_have_decl_getprotobyname_r=yes
ac_cv_header_dagapi_h=no
ac_cv_header_ifaddrs_h=yes
ac_cv_header_inttypes_h=yes
ac_cv_header_limits_h=yes
ac_cv_header_linux_ethtool_h=yes
ac_cv_header_linux_if_bonding_h=yes
ac_cv_header_linux_net_tstamp_h=yes
ac_cv_header_linux_socket_h=yes
ac_cv_header_linux_sockios_h=yes
ac_cv_header_linux_wireless_h=yes
ac_cv_header_memory_h=yes
ac_cv_header_net_bpf_h=no
ac_cv_header_net_enet_h=no
ac_cv_header_net_nit_h=no
ac_cv_header_net_pfilt_h=no
ac_cv_header_net_pfvar_h=no
ac_cv_header_net_raw_h=no
ac_cv_header_netpacket_packet_h=yes
ac_cv_header_pthread_h=yes
ac_cv_header_stdc=yes
ac_cv_header_stdint_h=yes
ac_cv_header_stdlib_h=yes
ac_cv_header_string_h=yes
ac_cv_header_strings_h=yes
ac_cv_header_sys_dlpi_h=no
ac_cv_header_sys_ioccom_h=no
ac_cv_header_sys_net_nit_h=no
ac_cv_header_sys_sockio_h=no
ac_cv_header_sys_stat_h=yes
ac_cv_header_sys_types_h=yes
ac_cv_header_unistd_h=yes
ac_cv_host=x86_64-pc-linux-gnu
ac_cv_lbl_gcc_fixincludes=yes
ac_cv_lbl_inline=inline
ac_cv_lbl_septel_api=no
ac_cv_lbl_snf_api=no
ac_cv_lbl_turbocap_api=no
ac_cv_lib_nl_3_nl_socket_alloc=no
ac_cv_lib_nl_nl_handle_alloc=no
ac_cv_lib_nl_nl_socket_alloc=no
ac_cv_lib_pthread_pthread_create=yes
ac_cv_lib_pthreads_pthread_create=no
ac_cv_member_struct_tpacket_auxdata_tp_vlan_tci=yes
ac_cv_objext=o
ac_cv_path_EGREP='/usr/bin/grep -E'
ac_cv_path_GREP=/usr/bin/grep
ac_cv_prog_CPP='gcc -E'
ac_cv_prog_ac_ct_CC=gcc
ac_cv_prog_cc_c89=
ac_cv_prog_cc_c99=
ac_cv_prog_cc_g=yes
ac_cv_search_putmsg=no
ac_cv_sys_file_offset_bits=no
ac_cv_sys_largefile_CC=no
ac_cv_sys_largefile_source=no
ac_cv_target=x86_64-pc-linux-gnu
ac_cv_type_socklen_t=yes
ac_cv_type_struct_tpacket_stats=yes

## ----------------- ##
## Output variables. ##
## ----------------- ##

ADDLARCHIVEOBJS=''
ADDLOBJS=''
AR=''
BT_MONITOR_SRC=''
BT_SRC=''
BUILD_RPCAPD=''
CC='gcc'
CFLAGS='-g -O2'
CPP='gcc -E'
CPPFLAGS=''
DBUS_SRC=''
DEFS=''
DEPENDENCY_CFLAG=''
DYEXT=''
ECHO_C=''
ECHO_N='-n'
ECHO_T=''
EGREP='/usr/bin/grep -E'
EXEEXT=''
EXTRA_NETWORK_LIBS=''
GREP='/usr/bin/grep'
INSTALL_DATA=''
INSTALL_PROGRAM=''
INSTALL_RPCAPD=''
INSTALL_SCRIPT=''
LDFLAGS=''
LEX=':'
LEXLIB=''
LEX_OUTPUT_ROOT=''
LIBOBJS=' strlcat.o strlcpy.o'
LIBS=''
LN_S=''
LTLIBOBJS=''
MAN_ADMIN_COMMANDS=''
MAN_DEVICES=''
MAN_FILE_FORMATS=''
MAN_MISC_INFO=''
MKDEP=''
NETFILTER_SRC=''
NETMAP_SRC=''
OBJEXT='o'
PACKAGE_BUGREPORT=''
PACKAGE_NAME='pcap'
PACKAGE_STRING='pcap 1.9.1'
PACKAGE_TARNAME='pcap'
PACKAGE_URL=''
PACKAGE_VERSION='1.9.1'
PATH_SEPARATOR=':'
PCAP_SUPPORT_BT=''
PCAP_SUPPORT_DBUS=''
PCAP_SUPPORT_NETFILTER=''
PCAP_SUPPORT_NETMAP=''
PCAP_SUPPORT_PACKET_RING=''
PCAP_SUPPORT_RDMASNIFF=''
PCAP_SUPPORT_USB=''
PKGCONFIG=''
PTHREAD_LIBS=' -lpthread'
RANLIB=''
RDMA_SRC=''
RPCAPD_LIBS=''
SHELL='/bin/bash'
SHLICC2=''
SSRC=''
USB_SRC=''
VALGRINDTEST_SRC='valgrindtest.c'
V_CCOPT=' -fvisibility=hidden'
V_DEFS=''
V_FINDALLDEVS='fad-getad.c'
V_INCLS=' -I/usr/local/include'
V_LEX=''
V_LIB_CCOPT_FAT=''
V_LIB_LDFLAGS_FAT=''
V_PCAP='linux'
V_PROG_CCOPT_FAT=''
V_PROG_LDFLAGS_FAT=''
V_RPATH_OPT='-Wl,-rpath,'
V_SHLIB_CCOPT=' -fpic'
V_SHLIB_CMD='$(CC)'
V_SHLIB_OPT='-shared'
V_SONAME_OPT='-Wl,-soname,'
V_YACC=''
YACC=''
YFLAGS=''
ac_ct_CC='gcc'
bindir='${exec_prefix}/bin'
build='x86_64-pc-linux-gnu'
build_alias=''
build_cpu='x86_64'
build_os='linux-gnu'
build_vendor='pc'
datadir='${datarootdir}'
datarootdir='${prefix}/share'
docdir='${datarootdir}/doc/${PACKAGE_TARNAME}'
dvidir='${docdir}'
exec_prefix='NONE'
host='x86_64-pc-linux-gnu'
host_alias=''
host_cpu='x86_64'
host_os='linux-gnu'
host_vendor='pc'
htmldir='${docdir}'
includedir='${prefix}/include'
infodir='${datarootdir}/info'
libdir='${exec_prefix}/lib'
libexecdir='${exec_prefix}/libexec'
localedir='${datarootdir}/locale'
localstatedir='${prefix}/var'
mandir='${datarootdir}/man'
oldincludedir='/usr/include'
pdfdir='${docdir}'
prefix='NONE'
program_transform_name='s,x,x,'
psdir='${docdir}'
runstatedir='${localstatedir}/run'
sbindir='${exec_prefix}/sbin'
sharedstatedir='${prefix}/com'
sysconfdir='${prefix}/etc'
target='x86_64-pc-linux-gnu'
target_alias=''
target_cpu='x86_64'
target_os='linux-gnu'
target_vendor='pc'

## ----------- ##
## confdefs.h. ##
## ----------- ##

/* confdefs.h */
#define PACKAGE_NAME "pcap"
#define PACKAGE_TARNAME "pcap"
#define PACKAGE_VERSION "1.9.1"
#define PACKAGE_STRING "pcap 1.9.1"
#define PACKAGE_BUGREPORT ""
#define PACKAGE_URL ""
#define inline inline
#define HAVE_FSEEKO 1
#define STDC_HEADERS 1
#define HAVE_SYS_TYPES_H 1
#define HAVE_SYS_STAT_H 1
#define HAVE_STDLIB_H 1
#define HAVE_STRING_H 1
#define HAVE_MEMORY_H 1
#define HAVE_STRINGS_H 1
#define HAVE_INTTYPES_H 1
#define HAVE_STDINT_H 1
#define HAVE_UNISTD_H 1
#define HAVE_LIMITS_H 1
#define HAVE_NETPACKET_PACKET_H 1
#define HAVE_LINUX_SOCKIOS_H 1
#define HAVE_LINUX_IF_BONDING_H 1
#define HAVE_STRERROR 1
#define HAVE_GNU_STRERROR_R /**/
#define HAVE_VSYSLOG 1
#define HAVE_VSNPRINTF 1
#define HAVE_SNPRINTF 1
#define HAVE_VASPRINTF 1
#define HAVE_ASPRINTF 1
#define HAVE_STRTOK_R 1
#define HAVE_FFS 1
#define STRINGS_H_DECLARES_FFS /**/
#define HAVE_LINUX_GETNETBYNAME_R 1
#define HAVE_LINUX_GETPROTOBYNAME_R 1
#define HAVE_ETHER_HOSTTON 1
#define NETINET_ETHER_H_DECLARES_ETHER_HOSTTON /**/
#define HAVE_DECL_ETHER_HOSTTON 1
#define HAVE_LINUX_SOCKET_H 1
#define HAVE_LINUX_WIRELESS_H 1
#define HAVE_LINUX_ETHTOOL_H 1
#define HAVE_STRUCT_TPACKET_STATS 1
#define HAVE_STRUCT_TPACKET_AUXDATA_TP_VLAN_TCI 1
#define HAVE_LINUX_NET_TSTAMP_H 1
#define PCAP_SUPPORT_PACKET_RING 1
#define HAVE_SOCKLEN_T 1
#define INET6 1

configure: exit 1
